[2020-10-23 17:04:46.943] [exthost] [info] extension host started
[2020-10-23 17:04:47.217] [exthost] [info] ExtensionService#_doActivateExtension vscode.extension-editing {"startup":false,"extensionId":{"value":"vscode.extension-editing","_lower":"vscode.extension-editing"},"activationEvent":"onLanguage:typescript"}
[2020-10-23 17:04:47.217] [exthost] [info] ExtensionService#loadCommonJSModule file:///usr/lib/code/extensions/extension-editing/dist/extension
[2020-10-23 17:04:47.246] [exthost] [info] ExtensionService#_doActivateExtension vscode.typescript-language-features {"startup":false,"extensionId":{"value":"vscode.typescript-language-features","_lower":"vscode.typescript-language-features"},"activationEvent":"onLanguage:typescript"}
[2020-10-23 17:04:47.246] [exthost] [info] ExtensionService#loadCommonJSModule file:///usr/lib/code/extensions/typescript-language-features/dist/extension
[2020-10-23 17:04:47.277] [exthost] [info] ExtensionService#_doActivateExtension Angular.ng-template {"startup":false,"extensionId":{"value":"Angular.ng-template","_lower":"angular.ng-template"},"activationEvent":"onLanguage:typescript"}
[2020-10-23 17:04:47.277] [exthost] [info] ExtensionService#loadCommonJSModule file:///home/hadad/.vscode-oss/extensions/angular.ng-template-0.1001.0/client
[2020-10-23 17:04:50.295] [exthost] [info] ExtensionService#_doActivateExtension vscode.debug-auto-launch {"startup":true,"extensionId":{"value":"vscode.debug-auto-launch","_lower":"vscode.debug-auto-launch"},"activationEvent":"*"}
[2020-10-23 17:04:50.295] [exthost] [info] ExtensionService#loadCommonJSModule file:///usr/lib/code/extensions/debug-auto-launch/dist/extension
[2020-10-23 17:04:50.357] [exthost] [info] ExtensionService#_doActivateExtension vscode.emmet {"startup":true,"extensionId":{"value":"vscode.emmet","_lower":"vscode.emmet"},"activationEvent":"*"}
[2020-10-23 17:04:50.357] [exthost] [info] ExtensionService#loadCommonJSModule file:///usr/lib/code/extensions/emmet/dist/extension
[2020-10-23 17:04:50.453] [exthost] [info] ExtensionService#_doActivateExtension vscode.git {"startup":true,"extensionId":{"value":"vscode.git","_lower":"vscode.git"},"activationEvent":"*"}
[2020-10-23 17:04:50.453] [exthost] [info] ExtensionService#loadCommonJSModule file:///usr/lib/code/extensions/git/dist/main
[2020-10-23 17:04:50.595] [exthost] [info] ExtensionService#_doActivateExtension vscode.github-authentication {"startup":true,"extensionId":{"value":"vscode.github-authentication","_lower":"vscode.github-authentication"},"activationEvent":"*"}
[2020-10-23 17:04:50.595] [exthost] [info] ExtensionService#loadCommonJSModule file:///usr/lib/code/extensions/github-authentication/dist/extension.js
[2020-10-23 17:04:50.702] [exthost] [info] ExtensionService#_doActivateExtension vscode.merge-conflict {"startup":true,"extensionId":{"value":"vscode.merge-conflict","_lower":"vscode.merge-conflict"},"activationEvent":"*"}
[2020-10-23 17:04:50.702] [exthost] [info] ExtensionService#loadCommonJSModule file:///usr/lib/code/extensions/merge-conflict/dist/extension
[2020-10-23 17:04:50.821] [exthost] [info] ExtensionService#_doActivateExtension vscode.search-result {"startup":true,"extensionId":{"value":"vscode.search-result","_lower":"vscode.search-result"},"activationEvent":"*"}
[2020-10-23 17:04:50.821] [exthost] [info] ExtensionService#loadCommonJSModule file:///usr/lib/code/extensions/search-result/dist/extension.js
[2020-10-23 17:04:50.873] [exthost] [info] ExtensionService#_doActivateExtension vscode.vscode-account {"startup":true,"extensionId":{"value":"vscode.vscode-account","_lower":"vscode.vscode-account"},"activationEvent":"*"}
[2020-10-23 17:04:50.874] [exthost] [info] ExtensionService#loadCommonJSModule file:///usr/lib/code/extensions/vscode-account/dist/extension.js
[2020-10-23 17:04:50.946] [exthost] [info] ExtensionService#_doActivateExtension esbenp.prettier-vscode {"startup":true,"extensionId":{"value":"esbenp.prettier-vscode","_lower":"esbenp.prettier-vscode"},"activationEvent":"*"}
[2020-10-23 17:04:50.946] [exthost] [info] ExtensionService#loadCommonJSModule file:///home/hadad/.vscode-oss/extensions/esbenp.prettier-vscode-5.5.0/dist/extension
[2020-10-23 17:04:52.700] [exthost] [info] ExtensionService#_doActivateExtension vscodevim.vim {"startup":true,"extensionId":{"value":"vscodevim.vim","_lower":"vscodevim.vim"},"activationEvent":"*"}
[2020-10-23 17:04:52.700] [exthost] [info] ExtensionService#loadCommonJSModule file:///home/hadad/.vscode-oss/extensions/vscodevim.vim-1.17.1/out/extension
[2020-10-23 17:04:53.433] [exthost] [info] ExtensionService#_doActivateExtension vscode.npm {"startup":true,"extensionId":{"value":"vscode.npm","_lower":"vscode.npm"},"activationEvent":"workspaceContains:package.json"}
[2020-10-23 17:04:53.433] [exthost] [info] ExtensionService#loadCommonJSModule file:///usr/lib/code/extensions/npm/dist/main
[2020-10-23 17:04:54.243] [exthost] [info] eager extensions activated
[2020-10-23 17:05:03.995] [exthost] [error] [vscode.typescript-language-features] provider FAILED
[2020-10-23 17:05:03.996] [exthost] [error] Error: busy
	at a._provideSemanticTokens (/usr/lib/code/extensions/typescript-language-features/dist/extension.js:1:183890)
[2020-10-23 17:06:10.743] [exthost] [info] [vscode.typescript-language-features] UNSAVE result from 'resolveCompletionItem', extension SHOULD NOT change any of: additionalTextEdits, or command
[2020-10-23 17:06:13.276] [exthost] [error] [vscode.typescript-language-features] provider FAILED
[2020-10-23 17:06:13.276] [exthost] [error] Error: busy
	at a._provideSemanticTokens (/usr/lib/code/extensions/typescript-language-features/dist/extension.js:1:183890)
[2020-10-23 17:06:36.976] [exthost] [error] [vscode.typescript-language-features] provider FAILED
[2020-10-23 17:06:36.976] [exthost] [error] Error: busy
	at a._provideSemanticTokens (/usr/lib/code/extensions/typescript-language-features/dist/extension.js:1:183890)
[2020-10-23 17:18:08.264] [exthost] [info] ExtensionService#_doActivateExtension vscode.html-language-features {"startup":false,"extensionId":{"value":"vscode.html-language-features","_lower":"vscode.html-language-features"},"activationEvent":"onLanguage:html"}
[2020-10-23 17:18:08.264] [exthost] [info] ExtensionService#loadCommonJSModule file:///usr/lib/code/extensions/html-language-features/client/dist/htmlMain
[2020-10-23 17:57:07.272] [exthost] [info] ExtensionService#_doActivateExtension vscode.css-language-features {"startup":false,"extensionId":{"value":"vscode.css-language-features","_lower":"vscode.css-language-features"},"activationEvent":"onLanguage:css"}
[2020-10-23 17:57:07.272] [exthost] [info] ExtensionService#loadCommonJSModule file:///usr/lib/code/extensions/css-language-features/client/dist/cssMain
[2020-10-23 18:02:42.610] [exthost] [info] ExtensionService#_doActivateExtension vscode.configuration-editing {"startup":false,"extensionId":{"value":"vscode.configuration-editing","_lower":"vscode.configuration-editing"},"activationEvent":"onLanguage:jsonc"}
[2020-10-23 18:02:42.610] [exthost] [info] ExtensionService#loadCommonJSModule file:///usr/lib/code/extensions/configuration-editing/dist/extension
[2020-10-23 18:02:42.841] [exthost] [info] ExtensionService#_doActivateExtension vscode.json-language-features {"startup":false,"extensionId":{"value":"vscode.json-language-features","_lower":"vscode.json-language-features"},"activationEvent":"onLanguage:jsonc"}
[2020-10-23 18:02:42.841] [exthost] [info] ExtensionService#loadCommonJSModule file:///usr/lib/code/extensions/json-language-features/client/dist/jsonMain
