[2023-11-19T00:54:27.522Z] Log level: Info
[2023-11-19T00:54:27.528Z] [info] Validating found git in: git
[2023-11-19T00:54:27.570Z] [info] Using git 2.36.1 from git
[2023-11-19T00:54:27.648Z] > git rev-parse --show-toplevel [28ms]
[2023-11-19T00:54:27.838Z] > git rev-parse --git-dir --git-common-dir [158ms]
[2023-11-19T00:54:27.851Z] [info] Open repository: /home/hadad/paginas/regcoc
[2023-11-19T00:54:28.470Z] > git check-ignore -v -z --stdin [17ms]
[2023-11-19T00:54:28.547Z] > git status -z -uall [680ms]
[2023-11-19T00:54:28.555Z] > git symbolic-ref --short HEAD [2ms]
[2023-11-19T00:54:28.563Z] > git for-each-ref --format=%(refname)%00%(upstream:short)%00%(objectname)%00%(upstream:track)%00%(upstream:remotename)%00%(upstream:remoteref) refs/heads/main refs/remotes/main [2ms]
[2023-11-19T00:54:28.581Z] > git for-each-ref --sort -committerdate --format %(refname) %(objectname) %(*objectname) [11ms]
[2023-11-19T00:54:28.582Z] > git remote --verbose [4ms]
[2023-11-19T00:54:28.595Z] > git config --get commit.template [2ms]
[2023-11-19T00:54:34.591Z] > git status -z -uall [4ms]
[2023-11-19T00:54:34.601Z] > git symbolic-ref --short HEAD [2ms]
[2023-11-19T00:54:34.611Z] > git for-each-ref --format=%(refname)%00%(upstream:short)%00%(objectname)%00%(upstream:track)%00%(upstream:remotename)%00%(upstream:remoteref) refs/heads/main refs/remotes/main [2ms]
[2023-11-19T00:54:34.627Z] > git for-each-ref --sort -committerdate --format %(refname) %(objectname) %(*objectname) [8ms]
[2023-11-19T00:54:34.628Z] > git remote --verbose [3ms]
[2023-11-19T00:54:34.642Z] > git config --get commit.template [2ms]
[2023-11-19T00:54:42.103Z] > git show --textconv :borrame [10ms]
[2023-11-19T00:54:42.104Z] > git ls-files --stage -- /home/hadad/paginas/regcoc/borrame [2ms]
[2023-11-19T00:54:42.339Z] > git check-ignore -v -z --stdin [1ms]
[2023-11-19T00:54:42.448Z] > git status -z -uall [4ms]
[2023-11-19T00:54:42.456Z] > git symbolic-ref --short HEAD [2ms]
[2023-11-19T00:54:42.467Z] > git for-each-ref --format=%(refname)%00%(upstream:short)%00%(objectname)%00%(upstream:track)%00%(upstream:remotename)%00%(upstream:remoteref) refs/heads/main refs/remotes/main [2ms]
[2023-11-19T00:54:42.483Z] > git for-each-ref --sort -committerdate --format %(refname) %(objectname) %(*objectname) [8ms]
[2023-11-19T00:54:42.484Z] > git remote --verbose [3ms]
[2023-11-19T00:54:42.495Z] > git config --get commit.template [1ms]
[2023-11-19T00:54:48.323Z] > git status -z -uall [3ms]
[2023-11-19T00:54:48.331Z] > git symbolic-ref --short HEAD [2ms]
[2023-11-19T00:54:48.339Z] > git for-each-ref --format=%(refname)%00%(upstream:short)%00%(objectname)%00%(upstream:track)%00%(upstream:remotename)%00%(upstream:remoteref) refs/heads/main refs/remotes/main [2ms]
[2023-11-19T00:54:48.354Z] > git for-each-ref --sort -committerdate --format %(refname) %(objectname) %(*objectname) [9ms]
[2023-11-19T00:54:48.354Z] > git remote --verbose [2ms]
[2023-11-19T00:54:48.366Z] > git config --get commit.template [1ms]
[2023-11-19T00:54:48.420Z] > git ls-files --stage -- /home/hadad/paginas/regcoc/borrame [1ms]
[2023-11-19T00:54:48.427Z] > git cat-file -s e69de29bb2d1d6434b8b29ae775ad8c2e48c5391 [1ms]
[2023-11-19T00:54:48.439Z] > git show --textconv :borrame [2ms]
[2023-11-19T00:55:03.622Z] > git status -z -uall [4ms]
[2023-11-19T00:55:03.635Z] > git symbolic-ref --short HEAD [3ms]
[2023-11-19T00:55:03.645Z] > git for-each-ref --format=%(refname)%00%(upstream:short)%00%(objectname)%00%(upstream:track)%00%(upstream:remotename)%00%(upstream:remoteref) refs/heads/main refs/remotes/main [3ms]
[2023-11-19T00:55:03.665Z] > git for-each-ref --sort -committerdate --format %(refname) %(objectname) %(*objectname) [11ms]
[2023-11-19T00:55:03.668Z] > git remote --verbose [5ms]
[2023-11-19T00:55:03.682Z] > git config --get commit.template [1ms]
[2023-11-19T00:55:03.753Z] > git ls-files --stage -- /home/hadad/paginas/regcoc/borrame [3ms]
[2023-11-19T00:55:03.762Z] > git cat-file -s e69de29bb2d1d6434b8b29ae775ad8c2e48c5391 [2ms]
[2023-11-19T00:55:03.825Z] > git show --textconv :borrame [54ms]
[2023-11-19T00:55:50.521Z] > git status -z -uall [4ms]
[2023-11-19T00:55:50.535Z] > git symbolic-ref --short HEAD [2ms]
[2023-11-19T00:55:50.545Z] > git for-each-ref --format=%(refname)%00%(upstream:short)%00%(objectname)%00%(upstream:track)%00%(upstream:remotename)%00%(upstream:remoteref) refs/heads/main refs/remotes/main [2ms]
[2023-11-19T00:55:50.557Z] > git for-each-ref --sort -committerdate --format %(refname) %(objectname) %(*objectname) [6ms]
[2023-11-19T00:55:50.558Z] > git remote --verbose [2ms]
[2023-11-19T00:55:50.569Z] > git config --get commit.template [2ms]
[2023-11-19T00:55:50.615Z] > git ls-files --stage -- /home/hadad/paginas/regcoc/borrame [2ms]
[2023-11-19T00:55:50.622Z] > git cat-file -s e69de29bb2d1d6434b8b29ae775ad8c2e48c5391 [2ms]
[2023-11-19T00:55:50.635Z] > git show --textconv :borrame [2ms]
[2023-11-19T00:56:19.206Z] > git log --oneline --cherry main...main@{upstream} -- [3ms]
[2023-11-19T00:56:19.684Z] > git pull --tags origin main [469ms]
[2023-11-19T00:56:19.684Z] From https://github.com/HadadBG/regcoc
 * branch            main       -> FETCH_HEAD
hint: You have divergent branches and need to specify how to reconcile them.
hint: You can do so by running one of the following commands sometime before
hint: your next pull:
hint: 
hint:   git config pull.rebase false  # merge
hint:   git config pull.rebase true   # rebase
hint:   git config pull.ff only       # fast-forward only
hint: 
hint: You can replace "git config" with "git config --global" to set a default
hint: preference for all repositories. You can also pass --rebase, --no-rebase,
hint: or --ff-only on the command line to override the configured default per
hint: invocation.
fatal: Need to specify how to reconcile divergent branches.
[2023-11-19T00:56:24.984Z] > git status -z -uall [4ms]
[2023-11-19T00:56:24.996Z] > git symbolic-ref --short HEAD [2ms]
[2023-11-19T00:56:25.004Z] > git for-each-ref --format=%(refname)%00%(upstream:short)%00%(objectname)%00%(upstream:track)%00%(upstream:remotename)%00%(upstream:remoteref) refs/heads/main refs/remotes/main [2ms]
[2023-11-19T00:56:25.018Z] > git for-each-ref --sort -committerdate --format %(refname) %(objectname) %(*objectname) [8ms]
[2023-11-19T00:56:25.018Z] > git remote --verbose [2ms]
[2023-11-19T00:56:25.028Z] > git config --get commit.template [1ms]
[2023-11-19T00:56:25.064Z] > git ls-files --stage -- /home/hadad/paginas/regcoc/borrame [3ms]
[2023-11-19T00:56:25.072Z] > git cat-file -s e69de29bb2d1d6434b8b29ae775ad8c2e48c5391 [2ms]
[2023-11-19T00:56:25.305Z] > git show --textconv :borrame [3ms]
[2023-11-19T00:56:31.962Z] > git log --oneline --cherry main...main@{upstream} -- [8ms]
[2023-11-19T00:56:32.416Z] > git pull --tags origin main [447ms]
[2023-11-19T00:56:32.416Z] From https://github.com/HadadBG/regcoc
 * branch            main       -> FETCH_HEAD
hint: You have divergent branches and need to specify how to reconcile them.
hint: You can do so by running one of the following commands sometime before
hint: your next pull:
hint: 
hint:   git config pull.rebase false  # merge
hint:   git config pull.rebase true   # rebase
hint:   git config pull.ff only       # fast-forward only
hint: 
hint: You can replace "git config" with "git config --global" to set a default
hint: preference for all repositories. You can also pass --rebase, --no-rebase,
hint: or --ff-only on the command line to override the configured default per
hint: invocation.
fatal: Need to specify how to reconcile divergent branches.
[2023-11-19T00:56:34.882Z] > git status -z -uall [7ms]
[2023-11-19T00:56:34.894Z] > git symbolic-ref --short HEAD [3ms]
[2023-11-19T00:56:34.905Z] > git for-each-ref --format=%(refname)%00%(upstream:short)%00%(objectname)%00%(upstream:track)%00%(upstream:remotename)%00%(upstream:remoteref) refs/heads/main refs/remotes/main [2ms]
[2023-11-19T00:56:34.919Z] > git for-each-ref --sort -committerdate --format %(refname) %(objectname) %(*objectname) [8ms]
[2023-11-19T00:56:34.920Z] > git remote --verbose [2ms]
[2023-11-19T00:56:34.929Z] > git config --get commit.template [2ms]
[2023-11-19T00:56:48.218Z] > git status -z -uall [3ms]
[2023-11-19T00:56:48.230Z] > git symbolic-ref --short HEAD [4ms]
[2023-11-19T00:56:48.238Z] > git for-each-ref --format=%(refname)%00%(upstream:short)%00%(objectname)%00%(upstream:track)%00%(upstream:remotename)%00%(upstream:remoteref) refs/heads/main refs/remotes/main [3ms]
[2023-11-19T00:56:48.255Z] > git remote --verbose [2ms]
[2023-11-19T00:56:48.255Z] > git for-each-ref --sort -committerdate --format %(refname) %(objectname) %(*objectname) [8ms]
[2023-11-19T00:56:48.270Z] > git config --get commit.template [2ms]
[2023-11-19T00:56:49.539Z] > git status -z -uall [5ms]
[2023-11-19T00:56:49.550Z] > git symbolic-ref --short HEAD [2ms]
[2023-11-19T00:56:49.559Z] > git for-each-ref --format=%(refname)%00%(upstream:short)%00%(objectname)%00%(upstream:track)%00%(upstream:remotename)%00%(upstream:remoteref) refs/heads/main refs/remotes/main [3ms]
[2023-11-19T00:56:49.577Z] > git for-each-ref --sort -committerdate --format %(refname) %(objectname) %(*objectname) [9ms]
[2023-11-19T00:56:49.578Z] > git remote --verbose [3ms]
[2023-11-19T00:56:49.592Z] > git config --get commit.template [1ms]
[2023-11-19T00:56:57.386Z] > git show --textconv :borrame [10ms]
[2023-11-19T00:56:57.388Z] > git ls-files --stage -- /home/hadad/paginas/regcoc/borrame [3ms]
[2023-11-19T00:56:57.398Z] > git cat-file -s e69de29bb2d1d6434b8b29ae775ad8c2e48c5391 [1ms]
[2023-11-19T00:57:03.210Z] > git log --oneline --cherry main...main@{upstream} -- [39ms]
[2023-11-19T00:57:03.704Z] > git pull --tags origin main [472ms]
[2023-11-19T00:57:03.704Z] From https://github.com/HadadBG/regcoc
 * branch            main       -> FETCH_HEAD
hint: You have divergent branches and need to specify how to reconcile them.
hint: You can do so by running one of the following commands sometime before
hint: your next pull:
hint: 
hint:   git config pull.rebase false  # merge
hint:   git config pull.rebase true   # rebase
hint:   git config pull.ff only       # fast-forward only
hint: 
hint: You can replace "git config" with "git config --global" to set a default
hint: preference for all repositories. You can also pass --rebase, --no-rebase,
hint: or --ff-only on the command line to override the configured default per
hint: invocation.
fatal: Need to specify how to reconcile divergent branches.
[2023-11-19T00:57:15.833Z] > git status -z -uall [7ms]
[2023-11-19T00:57:15.855Z] > git symbolic-ref --short HEAD [10ms]
[2023-11-19T00:57:15.866Z] > git ls-files --stage -- /home/hadad/paginas/regcoc/borrame [12ms]
[2023-11-19T00:57:15.872Z] > git for-each-ref --format=%(refname)%00%(upstream:short)%00%(objectname)%00%(upstream:track)%00%(upstream:remotename)%00%(upstream:remoteref) refs/heads/main refs/remotes/main [8ms]
[2023-11-19T00:57:15.889Z] > git for-each-ref --sort -committerdate --format %(refname) %(objectname) %(*objectname) [7ms]
[2023-11-19T00:57:15.890Z] > git cat-file -s e69de29bb2d1d6434b8b29ae775ad8c2e48c5391 [19ms]
[2023-11-19T00:57:15.891Z] > git remote --verbose [4ms]
[2023-11-19T00:57:15.915Z] > git show --textconv :borrame [12ms]
[2023-11-19T00:57:15.915Z] > git config --get commit.template [3ms]
[2023-11-19T00:57:40.181Z] > git status -z -uall [3ms]
[2023-11-19T00:57:40.192Z] > git symbolic-ref --short HEAD [2ms]
[2023-11-19T00:57:40.205Z] > git for-each-ref --format=%(refname)%00%(upstream:short)%00%(objectname)%00%(upstream:track)%00%(upstream:remotename)%00%(upstream:remoteref) refs/heads/main refs/remotes/main [4ms]
[2023-11-19T00:57:40.222Z] > git for-each-ref --sort -committerdate --format %(refname) %(objectname) %(*objectname) [11ms]
[2023-11-19T00:57:40.223Z] > git remote --verbose [2ms]
[2023-11-19T00:57:40.234Z] > git config --get commit.template [3ms]
[2023-11-19T00:57:40.283Z] > git ls-files --stage -- /home/hadad/paginas/regcoc/borrame [3ms]
[2023-11-19T00:57:40.295Z] > git cat-file -s e69de29bb2d1d6434b8b29ae775ad8c2e48c5391 [1ms]
[2023-11-19T00:57:40.311Z] > git show --textconv :borrame [2ms]
[2023-11-19T00:57:44.659Z] > git ls-files --stage -- /home/hadad/paginas/regcoc/borrame [2ms]
[2023-11-19T00:57:44.671Z] > git cat-file -s e69de29bb2d1d6434b8b29ae775ad8c2e48c5391 [1ms]
[2023-11-19T00:57:44.685Z] > git show --textconv :borrame [2ms]
[2023-11-19T00:57:45.253Z] > git status -z -uall [6ms]
[2023-11-19T00:57:45.267Z] > git symbolic-ref --short HEAD [3ms]
[2023-11-19T00:57:45.284Z] > git for-each-ref --format=%(refname)%00%(upstream:short)%00%(objectname)%00%(upstream:track)%00%(upstream:remotename)%00%(upstream:remoteref) refs/heads/main refs/remotes/main [3ms]
[2023-11-19T00:57:45.304Z] > git for-each-ref --sort -committerdate --format %(refname) %(objectname) %(*objectname) [13ms]
[2023-11-19T00:57:45.305Z] > git remote --verbose [2ms]
[2023-11-19T00:57:45.960Z] > git check-ignore -v -z --stdin [2ms]
[2023-11-19T00:57:51.059Z] > git show --textconv HEAD:README.md [49ms]
[2023-11-19T00:57:51.060Z] > git show --textconv :README.md [37ms]
[2023-11-19T00:57:51.061Z] > git ls-tree -l HEAD -- /home/hadad/paginas/regcoc/README.md [27ms]
[2023-11-19T00:57:51.065Z] > git ls-files --stage -- /home/hadad/paginas/regcoc/README.md [12ms]
[2023-11-19T00:57:51.082Z] > git cat-file -s f44e4e29497b60f3759a3723df08a60468b4cbf1 [4ms]
[2023-11-19T00:57:51.621Z] > git check-ignore -v -z --stdin [3ms]
[2023-11-19T00:57:52.474Z] > git show --textconv HEAD:public/images/fondo.jpg:Zone.Identifier [49ms]
[2023-11-19T00:57:52.475Z] > git ls-tree -l HEAD -- /home/hadad/paginas/regcoc/public/images/fondo.jpg:Zone.Identifier [41ms]
[2023-11-19T00:57:52.987Z] > git check-ignore -v -z --stdin [2ms]
[2023-11-19T00:58:20.240Z] > git branch [1ms]
[2023-11-19T00:58:20.255Z] > git reset -q HEAD -- /home/hadad/paginas/regcoc/public/images/fondo.jpg:Zone.Identifier [5ms]
[2023-11-19T00:58:20.270Z] > git status -z -uall [4ms]
[2023-11-19T00:58:20.282Z] > git symbolic-ref --short HEAD [2ms]
[2023-11-19T00:58:20.290Z] > git for-each-ref --format=%(refname)%00%(upstream:short)%00%(objectname)%00%(upstream:track)%00%(upstream:remotename)%00%(upstream:remoteref) refs/heads/main refs/remotes/main [1ms]
[2023-11-19T00:58:20.312Z] > git for-each-ref --sort -committerdate --format %(refname) %(objectname) %(*objectname) [12ms]
[2023-11-19T00:58:20.313Z] > git remote --verbose [5ms]
[2023-11-19T00:58:21.437Z] > git ls-tree -l HEAD -- /home/hadad/paginas/regcoc/public/images/fondo.jpg:Zone.Identifier [3ms]
[2023-11-19T00:58:21.453Z] > git show --textconv HEAD:public/images/fondo.jpg:Zone.Identifier [2ms]
[2023-11-19T00:58:22.435Z] > git status -z -uall [4ms]
[2023-11-19T00:58:22.448Z] > git symbolic-ref --short HEAD [4ms]
[2023-11-19T00:58:22.462Z] > git for-each-ref --format=%(refname)%00%(upstream:short)%00%(objectname)%00%(upstream:track)%00%(upstream:remotename)%00%(upstream:remoteref) refs/heads/main refs/remotes/main [3ms]
[2023-11-19T00:58:22.482Z] > git for-each-ref --sort -committerdate --format %(refname) %(objectname) %(*objectname) [10ms]
[2023-11-19T00:58:22.483Z] > git remote --verbose [4ms]
[2023-11-19T00:58:25.199Z] > git ls-tree -l HEAD -- /home/hadad/paginas/regcoc/public/images/fondo.jpg:Zone.Identifier [16ms]
[2023-11-19T00:58:25.201Z] > git checkout -q -- /home/hadad/paginas/regcoc/public/images/fondo.jpg:Zone.Identifier [3ms]
[2023-11-19T00:58:25.215Z] > git status -z -uall [3ms]
[2023-11-19T00:58:25.228Z] > git symbolic-ref --short HEAD [4ms]
[2023-11-19T00:58:25.236Z] > git for-each-ref --format=%(refname)%00%(upstream:short)%00%(objectname)%00%(upstream:track)%00%(upstream:remotename)%00%(upstream:remoteref) refs/heads/main refs/remotes/main [2ms]
[2023-11-19T00:58:25.259Z] > git for-each-ref --sort -committerdate --format %(refname) %(objectname) %(*objectname) [12ms]
[2023-11-19T00:58:25.262Z] > git remote --verbose [6ms]
[2023-11-19T00:58:26.386Z] > git ls-tree -l HEAD -- /home/hadad/paginas/regcoc/public/images/fondo.jpg:Zone.Identifier [3ms]
[2023-11-19T00:58:26.411Z] > git show --textconv HEAD:public/images/fondo.jpg:Zone.Identifier [2ms]
[2023-11-19T00:58:27.506Z] > git status -z -uall [4ms]
[2023-11-19T00:58:27.526Z] > git symbolic-ref --short HEAD [2ms]
[2023-11-19T00:58:27.539Z] > git for-each-ref --format=%(refname)%00%(upstream:short)%00%(objectname)%00%(upstream:track)%00%(upstream:remotename)%00%(upstream:remoteref) refs/heads/main refs/remotes/main [3ms]
[2023-11-19T00:58:27.559Z] > git for-each-ref --sort -committerdate --format %(refname) %(objectname) %(*objectname) [11ms]
[2023-11-19T00:58:27.561Z] > git remote --verbose [4ms]
[2023-11-19T00:58:33.318Z] > git show --textconv HEAD:README.md [45ms]
[2023-11-19T00:58:33.318Z] > git show --textconv :README.md [29ms]
[2023-11-19T00:58:33.318Z] > git ls-tree -l HEAD -- /home/hadad/paginas/regcoc/README.md [16ms]
[2023-11-19T00:58:33.320Z] > git ls-files --stage -- /home/hadad/paginas/regcoc/README.md [4ms]
[2023-11-19T00:58:33.336Z] > git cat-file -s f44e4e29497b60f3759a3723df08a60468b4cbf1 [4ms]
[2023-11-19T00:58:51.412Z] > git status -z -uall [5ms]
[2023-11-19T00:58:51.423Z] > git symbolic-ref --short HEAD [3ms]
[2023-11-19T00:58:51.435Z] > git for-each-ref --format=%(refname)%00%(upstream:short)%00%(objectname)%00%(upstream:track)%00%(upstream:remotename)%00%(upstream:remoteref) refs/heads/main refs/remotes/main [5ms]
[2023-11-19T00:58:51.456Z] > git for-each-ref --sort -committerdate --format %(refname) %(objectname) %(*objectname) [13ms]
[2023-11-19T00:58:51.456Z] > git remote --verbose [2ms]
[2023-11-19T00:58:51.470Z] > git config --get commit.template [1ms]
[2023-11-19T00:58:51.557Z] > git ls-tree -l HEAD -- /home/hadad/paginas/regcoc/README.md [16ms]
[2023-11-19T00:58:51.560Z] > git ls-files --stage -- /home/hadad/paginas/regcoc/README.md [6ms]
[2023-11-19T00:58:51.573Z] > git cat-file -s f44e4e29497b60f3759a3723df08a60468b4cbf1 [4ms]
[2023-11-19T00:58:51.605Z] > git show --textconv HEAD:README.md [13ms]
[2023-11-19T00:58:51.607Z] > git show --textconv :README.md [4ms]
[2023-11-19T00:58:56.482Z] > git status -z -uall [4ms]
[2023-11-19T00:58:56.492Z] > git symbolic-ref --short HEAD [3ms]
[2023-11-19T00:58:56.506Z] > git for-each-ref --format=%(refname)%00%(upstream:short)%00%(objectname)%00%(upstream:track)%00%(upstream:remotename)%00%(upstream:remoteref) refs/heads/main refs/remotes/main [3ms]
[2023-11-19T00:58:56.524Z] > git for-each-ref --sort -committerdate --format %(refname) %(objectname) %(*objectname) [7ms]
[2023-11-19T00:58:56.524Z] > git remote --verbose [1ms]
[2023-11-19T00:58:56.538Z] > git config --get commit.template [1ms]
[2023-11-19T00:58:58.385Z] > git ls-tree -l HEAD -- /home/hadad/paginas/regcoc/README.md [11ms]
[2023-11-19T00:58:58.388Z] > git ls-files --stage -- /home/hadad/paginas/regcoc/README.md [4ms]
[2023-11-19T00:58:58.400Z] > git cat-file -s f44e4e29497b60f3759a3723df08a60468b4cbf1 [2ms]
[2023-11-19T00:58:58.414Z] > git show --textconv HEAD:README.md [2ms]
[2023-11-19T00:58:58.425Z] > git show --textconv :README.md [2ms]
