[2020-10-23 18:09:21.336] [exthost] [info] extension host started
[2020-10-23 18:09:21.357] [exthost] [info] ExtensionService#_doActivateExtension vscode.extension-editing {"startup":false,"extensionId":{"value":"vscode.extension-editing","_lower":"vscode.extension-editing"},"activationEvent":"onLanguage:typescript"}
[2020-10-23 18:09:21.357] [exthost] [info] ExtensionService#loadCommonJSModule file:///usr/lib/code/extensions/extension-editing/dist/extension
[2020-10-23 18:09:21.504] [exthost] [info] ExtensionService#_doActivateExtension vscode.typescript-language-features {"startup":false,"extensionId":{"value":"vscode.typescript-language-features","_lower":"vscode.typescript-language-features"},"activationEvent":"onLanguage:typescript"}
[2020-10-23 18:09:21.505] [exthost] [info] ExtensionService#loadCommonJSModule file:///usr/lib/code/extensions/typescript-language-features/dist/extension
[2020-10-23 18:09:21.852] [exthost] [info] ExtensionService#_doActivateExtension Angular.ng-template {"startup":false,"extensionId":{"value":"Angular.ng-template","_lower":"angular.ng-template"},"activationEvent":"onLanguage:typescript"}
[2020-10-23 18:09:21.852] [exthost] [info] ExtensionService#loadCommonJSModule file:///home/hadad/.vscode-oss/extensions/angular.ng-template-0.1001.0/client
[2020-10-23 18:09:25.629] [exthost] [info] ExtensionService#_doActivateExtension vscode.debug-auto-launch {"startup":true,"extensionId":{"value":"vscode.debug-auto-launch","_lower":"vscode.debug-auto-launch"},"activationEvent":"*"}
[2020-10-23 18:09:25.630] [exthost] [info] ExtensionService#loadCommonJSModule file:///usr/lib/code/extensions/debug-auto-launch/dist/extension
[2020-10-23 18:09:26.024] [exthost] [info] ExtensionService#_doActivateExtension vscode.emmet {"startup":true,"extensionId":{"value":"vscode.emmet","_lower":"vscode.emmet"},"activationEvent":"*"}
[2020-10-23 18:09:26.025] [exthost] [info] ExtensionService#loadCommonJSModule file:///usr/lib/code/extensions/emmet/dist/extension
[2020-10-23 18:09:26.345] [exthost] [info] ExtensionService#_doActivateExtension vscode.git {"startup":true,"extensionId":{"value":"vscode.git","_lower":"vscode.git"},"activationEvent":"*"}
[2020-10-23 18:09:26.345] [exthost] [info] ExtensionService#loadCommonJSModule file:///usr/lib/code/extensions/git/dist/main
[2020-10-23 18:09:27.107] [exthost] [info] ExtensionService#_doActivateExtension vscode.github-authentication {"startup":true,"extensionId":{"value":"vscode.github-authentication","_lower":"vscode.github-authentication"},"activationEvent":"*"}
[2020-10-23 18:09:27.107] [exthost] [info] ExtensionService#loadCommonJSModule file:///usr/lib/code/extensions/github-authentication/dist/extension.js
[2020-10-23 18:09:27.285] [exthost] [info] ExtensionService#_doActivateExtension vscode.merge-conflict {"startup":true,"extensionId":{"value":"vscode.merge-conflict","_lower":"vscode.merge-conflict"},"activationEvent":"*"}
[2020-10-23 18:09:27.285] [exthost] [info] ExtensionService#loadCommonJSModule file:///usr/lib/code/extensions/merge-conflict/dist/extension
[2020-10-23 18:09:27.564] [exthost] [info] ExtensionService#_doActivateExtension vscode.search-result {"startup":true,"extensionId":{"value":"vscode.search-result","_lower":"vscode.search-result"},"activationEvent":"*"}
[2020-10-23 18:09:27.564] [exthost] [info] ExtensionService#loadCommonJSModule file:///usr/lib/code/extensions/search-result/dist/extension.js
[2020-10-23 18:09:27.740] [exthost] [info] ExtensionService#_doActivateExtension vscode.vscode-account {"startup":true,"extensionId":{"value":"vscode.vscode-account","_lower":"vscode.vscode-account"},"activationEvent":"*"}
[2020-10-23 18:09:27.740] [exthost] [info] ExtensionService#loadCommonJSModule file:///usr/lib/code/extensions/vscode-account/dist/extension.js
[2020-10-23 18:09:28.034] [exthost] [info] ExtensionService#_doActivateExtension esbenp.prettier-vscode {"startup":true,"extensionId":{"value":"esbenp.prettier-vscode","_lower":"esbenp.prettier-vscode"},"activationEvent":"*"}
[2020-10-23 18:09:28.034] [exthost] [info] ExtensionService#loadCommonJSModule file:///home/hadad/.vscode-oss/extensions/esbenp.prettier-vscode-5.5.0/dist/extension
[2020-10-23 18:09:29.615] [exthost] [info] ExtensionService#_doActivateExtension vscodevim.vim {"startup":true,"extensionId":{"value":"vscodevim.vim","_lower":"vscodevim.vim"},"activationEvent":"*"}
[2020-10-23 18:09:29.615] [exthost] [info] ExtensionService#loadCommonJSModule file:///home/hadad/.vscode-oss/extensions/vscodevim.vim-1.17.1/out/extension
[2020-10-23 18:09:29.922] [exthost] [info] ExtensionService#_doActivateExtension vscode.npm {"startup":true,"extensionId":{"value":"vscode.npm","_lower":"vscode.npm"},"activationEvent":"workspaceContains:package.json"}
[2020-10-23 18:09:29.922] [exthost] [info] ExtensionService#loadCommonJSModule file:///usr/lib/code/extensions/npm/dist/main
[2020-10-23 18:09:32.561] [exthost] [info] eager extensions activated
[2020-10-23 18:12:24.152] [exthost] [info] ExtensionService#_doActivateExtension vscode.configuration-editing {"startup":false,"extensionId":{"value":"vscode.configuration-editing","_lower":"vscode.configuration-editing"},"activationEvent":"onLanguage:jsonc"}
[2020-10-23 18:12:24.152] [exthost] [info] ExtensionService#loadCommonJSModule file:///usr/lib/code/extensions/configuration-editing/dist/extension
[2020-10-23 18:12:24.229] [exthost] [info] ExtensionService#_doActivateExtension vscode.json-language-features {"startup":false,"extensionId":{"value":"vscode.json-language-features","_lower":"vscode.json-language-features"},"activationEvent":"onLanguage:jsonc"}
[2020-10-23 18:12:24.230] [exthost] [info] ExtensionService#loadCommonJSModule file:///usr/lib/code/extensions/json-language-features/client/dist/jsonMain
[2020-10-23 18:13:21.030] [exthost] [info] ExtensionService#_doActivateExtension vscode.css-language-features {"startup":false,"extensionId":{"value":"vscode.css-language-features","_lower":"vscode.css-language-features"},"activationEvent":"onLanguage:css"}
[2020-10-23 18:13:21.030] [exthost] [info] ExtensionService#loadCommonJSModule file:///usr/lib/code/extensions/css-language-features/client/dist/cssMain
[2020-10-23 18:13:22.365] [exthost] [info] ExtensionService#_doActivateExtension vscode.html-language-features {"startup":false,"extensionId":{"value":"vscode.html-language-features","_lower":"vscode.html-language-features"},"activationEvent":"onLanguage:html"}
[2020-10-23 18:13:22.365] [exthost] [info] ExtensionService#loadCommonJSModule file:///usr/lib/code/extensions/html-language-features/client/dist/htmlMain
