Looking for git in: git
Using git 2.26.2 from git
> git rev-parse --show-toplevel
> git rev-parse --git-dir
Open repository: /home/hadad/paginas/angular-tour-of-heroes
> git status -z -u
> git show :src/app/heroes/heroes.component.ts
> git ls-files --stage -- /home/hadad/paginas/angular-tour-of-heroes/src/app/heroes/heroes.component.ts
> git cat-file -s aabd0b6efad466467fcd3c8ac7016a7ab027ad36
> git symbolic-ref --short HEAD
> git rev-parse master
> git rev-parse --symbolic-full-name master@{u}
fatal: no upstream configured for branch 'master'
> git for-each-ref --format %(refname) %(objectname) --sort -committerdate
> git remote --verbose
> git config --get commit.template
> git check-ignore -v -z --stdin
> git status -z -u
> git symbolic-ref --short HEAD
> git rev-parse master
> git rev-parse --symbolic-full-name master@{u}
fatal: no upstream configured for branch 'master'
> git for-each-ref --format %(refname) %(objectname) --sort -committerdate
> git remote --verbose
> git config --get commit.template
> git show :src/app/heroes/heroes.component.ts
> git ls-files --stage -- /home/hadad/paginas/angular-tour-of-heroes/src/app/heroes/heroes.component.ts
> git cat-file -s aabd0b6efad466467fcd3c8ac7016a7ab027ad36
> git status -z -u
> git symbolic-ref --short HEAD
> git rev-parse master
> git rev-parse --symbolic-full-name master@{u}
fatal: no upstream configured for branch 'master'
> git for-each-ref --format %(refname) %(objectname) --sort -committerdate
> git remote --verbose
> git config --get commit.template
> git show :src/app/app-routing.module.ts
> git ls-files --stage -- /home/hadad/paginas/angular-tour-of-heroes/src/app/app-routing.module.ts
> git cat-file -s 1a9149222c9025681b5971589843c7f7b77838b0
> git check-ignore -v -z --stdin
> git status -z -u
> git symbolic-ref --short HEAD
> git rev-parse master
> git rev-parse --symbolic-full-name master@{u}
fatal: no upstream configured for branch 'master'
> git for-each-ref --format %(refname) %(objectname) --sort -committerdate
> git remote --verbose
> git config --get commit.template
> git check-ignore -v -z --stdin
> git show :src/app/hero-detail/hero-detail.component.css
> git ls-files --stage -- /home/hadad/paginas/angular-tour-of-heroes/src/app/hero-detail/hero-detail.component.css
> git cat-file -s e69de29bb2d1d6434b8b29ae775ad8c2e48c5391
> git show :src/app/hero-detail/hero-detail.component.html
> git ls-files --stage -- /home/hadad/paginas/angular-tour-of-heroes/src/app/hero-detail/hero-detail.component.html
> git cat-file -s 3c246f92f479307c2bcaa0c94b3308f74ebbc9f2
> git show :src/app/hero-detail/hero-detail.component.ts
> git ls-files --stage -- /home/hadad/paginas/angular-tour-of-heroes/src/app/hero-detail/hero-detail.component.ts
> git cat-file -s 8e9144a2b2ffaab5149ab33726eff56ccb0515d6
> git show :src/app/hero-detail/hero-detail.component.spec.ts
> git ls-files --stage -- /home/hadad/paginas/angular-tour-of-heroes/src/app/hero-detail/hero-detail.component.spec.ts
> git cat-file -s 5e34497bec9c7af8555fcd253a91492875a0784c
> git show :src/app/hero-detail/hero-detail.component.spec.ts
> git ls-files --stage -- /home/hadad/paginas/angular-tour-of-heroes/src/app/hero-detail/hero-detail.component.spec.ts
> git cat-file -s 5e34497bec9c7af8555fcd253a91492875a0784c
