Info 0    [18:9:38.677] Format host information updated
Info 1    [18:9:38.678] reload projects.
Info 2    [18:9:38.678] Before ensureProjectForOpenFiles:
Info 3    [18:9:38.679] After ensureProjectForOpenFiles:
Info 4    [18:9:38.679] Host file extension mappings updated
Info 5    [18:9:38.694] Search path: /home/hadad/paginas/angular-tour-of-heroes/src/app/heroes
Info 6    [18:9:38.696] For info: /home/hadad/paginas/angular-tour-of-heroes/src/app/heroes/heroes.component.ts :: Config file name: /home/hadad/paginas/angular-tour-of-heroes/tsconfig.json
Info 7    [18:9:38.696] Opened configuration file /home/hadad/paginas/angular-tour-of-heroes/tsconfig.json
Info 8    [18:9:38.711] Config: /home/hadad/paginas/angular-tour-of-heroes/tsconfig.json : {
 "rootNames": [],
 "options": {
  "configFilePath": "/home/hadad/paginas/angular-tour-of-heroes/tsconfig.json"
 },
 "projectReferences": [
  {
   "path": "/home/hadad/paginas/angular-tour-of-heroes/tsconfig.app.json",
   "originalPath": "./tsconfig.app.json"
  },
  {
   "path": "/home/hadad/paginas/angular-tour-of-heroes/tsconfig.spec.json",
   "originalPath": "./tsconfig.spec.json"
  }
 ]
}
Info 9    [18:9:38.712] Loading global plugin @angular/language-service
Info 10   [18:9:38.713] Enabling plugin @angular/language-service from candidate paths: /home/hadad/.vscode-oss/extensions/angular.ng-template-0.1001.0/server/node_modules/@angular/language-service/bundles/language-service.js,/home/hadad/.vscode-oss/extensions/angular.ng-template-0.1001.0/node_modules/typescript/lib/tsserverlibrary.js/../../..
Info 11   [18:9:38.713] Loading @angular/language-service from /home/hadad/.vscode-oss/extensions/angular.ng-template-0.1001.0/server/node_modules/@angular/language-service/bundles/language-service.js (resolved to /home/hadad/.vscode-oss/extensions/angular.ng-template-0.1001.0/server/node_modules/@angular/language-service/bundles/language-service.js/node_modules)
Info 12   [18:9:39.58] Plugin validation succeded
Info 13   [18:9:39.133] Starting updateGraphWorker: Project: /home/hadad/paginas/angular-tour-of-heroes/tsconfig.json
Info 14   [18:9:39.182] Finishing updateGraphWorker: Project: /home/hadad/paginas/angular-tour-of-heroes/tsconfig.json Version: 1 structureChanged: true Elapsed: 49ms
Info 15   [18:9:39.182] Project '/home/hadad/paginas/angular-tour-of-heroes/tsconfig.json' (Configured)
Info 16   [18:9:39.182] 	Files (0)

Info 17   [18:9:39.182] -----------------------------------------------
Info 18   [18:9:39.183] Starting updateGraphWorker: Project: /home/hadad/paginas/angular-tour-of-heroes/tsconfig.json
Info 19   [18:9:39.184] Finishing updateGraphWorker: Project: /home/hadad/paginas/angular-tour-of-heroes/tsconfig.json Version: 2 structureChanged: false Elapsed: 1ms
Info 20   [18:9:39.188] Disabling language service for /home/hadad/paginas/angular-tour-of-heroes/tsconfig.json because it is not an Angular project ('@angular/core/core.d.ts' could not be found). If you believe you are seeing this message in error, please reinstall the packages in your package.json.
Info 21   [18:9:39.188] Opened configuration file /home/hadad/paginas/angular-tour-of-heroes/tsconfig.app.json
Info 22   [18:9:39.196] Config: /home/hadad/paginas/angular-tour-of-heroes/tsconfig.app.json : {
 "rootNames": [
  "/home/hadad/paginas/angular-tour-of-heroes/src/main.ts",
  "/home/hadad/paginas/angular-tour-of-heroes/src/polyfills.ts"
 ],
 "options": {
  "baseUrl": "/home/hadad/paginas/angular-tour-of-heroes",
  "outDir": "/home/hadad/paginas/angular-tour-of-heroes/out-tsc/app",
  "sourceMap": true,
  "declaration": false,
  "downlevelIteration": true,
  "experimentalDecorators": true,
  "moduleResolution": 2,
  "importHelpers": true,
  "target": 2,
  "module": 6,
  "lib": [
   "lib.es2018.d.ts",
   "lib.dom.d.ts"
  ],
  "types": [],
  "configFilePath": "/home/hadad/paginas/angular-tour-of-heroes/tsconfig.app.json"
 }
}
Info 23   [18:9:39.198] Loading global plugin @angular/language-service
Info 24   [18:9:39.198] Enabling plugin @angular/language-service from candidate paths: /home/hadad/.vscode-oss/extensions/angular.ng-template-0.1001.0/server/node_modules/@angular/language-service/bundles/language-service.js,/home/hadad/.vscode-oss/extensions/angular.ng-template-0.1001.0/node_modules/typescript/lib/tsserverlibrary.js/../../..
Info 25   [18:9:39.198] Loading @angular/language-service from /home/hadad/.vscode-oss/extensions/angular.ng-template-0.1001.0/server/node_modules/@angular/language-service/bundles/language-service.js (resolved to /home/hadad/.vscode-oss/extensions/angular.ng-template-0.1001.0/server/node_modules/@angular/language-service/bundles/language-service.js/node_modules)
Info 26   [18:9:39.210] Plugin validation succeded
Info 27   [18:9:39.211] Starting updateGraphWorker: Project: /home/hadad/paginas/angular-tour-of-heroes/tsconfig.app.json
Info 28   [18:10:47.914] Finishing updateGraphWorker: Project: /home/hadad/paginas/angular-tour-of-heroes/tsconfig.app.json Version: 1 structureChanged: true Elapsed: 68703ms
Info 29   [18:10:47.914] Project '/home/hadad/paginas/angular-tour-of-heroes/tsconfig.app.json' (Configured)
Info 30   [18:10:47.914] 	Files (206)

Info 31   [18:10:47.914] -----------------------------------------------
Info 32   [18:10:47.959] Starting updateGraphWorker: Project: /dev/null/autoImportProviderProject1*
Info 33   [18:10:48.26] Finishing updateGraphWorker: Project: /dev/null/autoImportProviderProject1* Version: 1 structureChanged: true Elapsed: 67ms
Info 34   [18:10:48.26] Project '/dev/null/autoImportProviderProject1*' (AutoImportProvider)
Info 35   [18:10:48.26] 	Files (2)

Info 36   [18:10:48.26] -----------------------------------------------
Info 37   [18:10:48.26] Starting updateGraphWorker: Project: /home/hadad/paginas/angular-tour-of-heroes/tsconfig.app.json
Info 38   [18:10:48.31] Finishing updateGraphWorker: Project: /home/hadad/paginas/angular-tour-of-heroes/tsconfig.app.json Version: 2 structureChanged: false Elapsed: 5ms
Info 39   [18:10:48.49] Search path: /home/hadad/paginas/angular-tour-of-heroes/src/app
Info 40   [18:10:48.49] For info: /home/hadad/paginas/angular-tour-of-heroes/src/app/app-routing.module.ts :: Config file name: /home/hadad/paginas/angular-tour-of-heroes/tsconfig.json
Info 41   [18:10:48.49] Starting updateGraphWorker: Project: /home/hadad/paginas/angular-tour-of-heroes/tsconfig.app.json
Info 42   [18:10:48.124] Finishing updateGraphWorker: Project: /home/hadad/paginas/angular-tour-of-heroes/tsconfig.app.json Version: 3 structureChanged: true Elapsed: 75ms
Info 43   [18:10:48.124] Different program with same set of files:: oldProgram.structureIsReused:: 1
Info 44   [18:12:33.314] Starting updateGraphWorker: Project: /home/hadad/paginas/angular-tour-of-heroes/tsconfig.app.json
Info 45   [18:12:33.382] Finishing updateGraphWorker: Project: /home/hadad/paginas/angular-tour-of-heroes/tsconfig.app.json Version: 4 structureChanged: false Elapsed: 68ms
Info 46   [18:12:33.384] Different program with same set of files:: oldProgram.structureIsReused:: 2
Info 47   [18:12:33.898] Starting updateGraphWorker: Project: /home/hadad/paginas/angular-tour-of-heroes/tsconfig.app.json
Info 48   [18:12:33.970] Finishing updateGraphWorker: Project: /home/hadad/paginas/angular-tour-of-heroes/tsconfig.app.json Version: 5 structureChanged: false Elapsed: 72ms
Info 49   [18:12:33.970] Different program with same set of files:: oldProgram.structureIsReused:: 2
Info 50   [18:12:34.188] Starting updateGraphWorker: Project: /home/hadad/paginas/angular-tour-of-heroes/tsconfig.app.json
Info 51   [18:12:34.237] Finishing updateGraphWorker: Project: /home/hadad/paginas/angular-tour-of-heroes/tsconfig.app.json Version: 6 structureChanged: false Elapsed: 48ms
Info 52   [18:12:34.237] Different program with same set of files:: oldProgram.structureIsReused:: 2
Info 53   [18:12:34.535] Starting updateGraphWorker: Project: /home/hadad/paginas/angular-tour-of-heroes/tsconfig.app.json
Info 54   [18:12:34.581] Finishing updateGraphWorker: Project: /home/hadad/paginas/angular-tour-of-heroes/tsconfig.app.json Version: 7 structureChanged: false Elapsed: 46ms
Info 55   [18:12:34.581] Different program with same set of files:: oldProgram.structureIsReused:: 2
Info 56   [18:12:35.52] Starting updateGraphWorker: Project: /home/hadad/paginas/angular-tour-of-heroes/tsconfig.app.json
Info 57   [18:12:35.111] Finishing updateGraphWorker: Project: /home/hadad/paginas/angular-tour-of-heroes/tsconfig.app.json Version: 8 structureChanged: false Elapsed: 59ms
Info 58   [18:12:35.111] Different program with same set of files:: oldProgram.structureIsReused:: 2
Info 59   [18:12:44.572] Starting updateGraphWorker: Project: /home/hadad/paginas/angular-tour-of-heroes/tsconfig.app.json
Info 60   [18:12:44.621] Finishing updateGraphWorker: Project: /home/hadad/paginas/angular-tour-of-heroes/tsconfig.app.json Version: 9 structureChanged: false Elapsed: 49ms
Info 61   [18:12:44.621] Different program with same set of files:: oldProgram.structureIsReused:: 2
Info 62   [18:12:44.809] Starting updateGraphWorker: Project: /home/hadad/paginas/angular-tour-of-heroes/tsconfig.app.json
Info 63   [18:12:44.877] Finishing updateGraphWorker: Project: /home/hadad/paginas/angular-tour-of-heroes/tsconfig.app.json Version: 10 structureChanged: false Elapsed: 68ms
Info 64   [18:12:44.878] Different program with same set of files:: oldProgram.structureIsReused:: 2
Info 65   [18:12:45.578] Starting updateGraphWorker: Project: /home/hadad/paginas/angular-tour-of-heroes/tsconfig.app.json
Info 66   [18:12:45.641] Finishing updateGraphWorker: Project: /home/hadad/paginas/angular-tour-of-heroes/tsconfig.app.json Version: 11 structureChanged: false Elapsed: 62ms
Info 67   [18:12:45.641] Different program with same set of files:: oldProgram.structureIsReused:: 2
Info 68   [18:12:56.308] Starting updateGraphWorker: Project: /home/hadad/paginas/angular-tour-of-heroes/tsconfig.app.json
Info 69   [18:12:56.359] Finishing updateGraphWorker: Project: /home/hadad/paginas/angular-tour-of-heroes/tsconfig.app.json Version: 12 structureChanged: false Elapsed: 51ms
Info 70   [18:12:56.360] Different program with same set of files:: oldProgram.structureIsReused:: 2
Info 71   [18:13:1.921] Starting updateGraphWorker: Project: /home/hadad/paginas/angular-tour-of-heroes/tsconfig.app.json
Info 72   [18:13:1.988] Finishing updateGraphWorker: Project: /home/hadad/paginas/angular-tour-of-heroes/tsconfig.app.json Version: 13 structureChanged: false Elapsed: 67ms
Info 73   [18:13:1.988] Different program with same set of files:: oldProgram.structureIsReused:: 2
Info 74   [18:13:22.352] Search path: /home/hadad/paginas/angular-tour-of-heroes/src/app/hero-detail
Info 75   [18:13:22.353] For info: /home/hadad/paginas/angular-tour-of-heroes/src/app/hero-detail/hero-detail.component.html :: Config file name: /home/hadad/paginas/angular-tour-of-heroes/tsconfig.json
Info 76   [18:13:22.354] Starting updateGraphWorker: Project: /home/hadad/paginas/angular-tour-of-heroes/tsconfig.app.json
Info 77   [18:13:22.356] Finishing updateGraphWorker: Project: /home/hadad/paginas/angular-tour-of-heroes/tsconfig.app.json Version: 14 structureChanged: false Elapsed: 2ms
Info 78   [18:13:22.356] Opened configuration file /home/hadad/paginas/angular-tour-of-heroes/tsconfig.spec.json
Info 79   [18:13:22.379] Config: /home/hadad/paginas/angular-tour-of-heroes/tsconfig.spec.json : {
 "rootNames": [
  "/home/hadad/paginas/angular-tour-of-heroes/src/test.ts",
  "/home/hadad/paginas/angular-tour-of-heroes/src/polyfills.ts",
  "/home/hadad/paginas/angular-tour-of-heroes/src/app/app.component.spec.ts",
  "/home/hadad/paginas/angular-tour-of-heroes/src/app/hero.service.spec.ts",
  "/home/hadad/paginas/angular-tour-of-heroes/src/app/message.service.spec.ts",
  "/home/hadad/paginas/angular-tour-of-heroes/src/app/hero-detail/hero-detail.component.spec.ts",
  "/home/hadad/paginas/angular-tour-of-heroes/src/app/heroes/heroes.component.spec.ts",
  "/home/hadad/paginas/angular-tour-of-heroes/src/app/messages/messages.component.spec.ts"
 ],
 "options": {
  "baseUrl": "/home/hadad/paginas/angular-tour-of-heroes",
  "outDir": "/home/hadad/paginas/angular-tour-of-heroes/out-tsc/spec",
  "sourceMap": true,
  "declaration": false,
  "downlevelIteration": true,
  "experimentalDecorators": true,
  "moduleResolution": 2,
  "importHelpers": true,
  "target": 2,
  "module": 6,
  "lib": [
   "lib.es2018.d.ts",
   "lib.dom.d.ts"
  ],
  "types": [
   "jasmine"
  ],
  "configFilePath": "/home/hadad/paginas/angular-tour-of-heroes/tsconfig.spec.json"
 }
}
Info 80   [18:13:22.380] Loading global plugin @angular/language-service
Info 81   [18:13:22.380] Enabling plugin @angular/language-service from candidate paths: /home/hadad/.vscode-oss/extensions/angular.ng-template-0.1001.0/server/node_modules/@angular/language-service/bundles/language-service.js,/home/hadad/.vscode-oss/extensions/angular.ng-template-0.1001.0/node_modules/typescript/lib/tsserverlibrary.js/../../..
Info 82   [18:13:22.381] Loading @angular/language-service from /home/hadad/.vscode-oss/extensions/angular.ng-template-0.1001.0/server/node_modules/@angular/language-service/bundles/language-service.js (resolved to /home/hadad/.vscode-oss/extensions/angular.ng-template-0.1001.0/server/node_modules/@angular/language-service/bundles/language-service.js/node_modules)
Info 83   [18:13:22.501] Plugin validation succeded
Info 84   [18:13:22.506] Starting updateGraphWorker: Project: /home/hadad/paginas/angular-tour-of-heroes/tsconfig.spec.json
Info 85   [18:13:25.720] Finishing updateGraphWorker: Project: /home/hadad/paginas/angular-tour-of-heroes/tsconfig.spec.json Version: 1 structureChanged: true Elapsed: 3214ms
Info 86   [18:13:25.720] Project '/home/hadad/paginas/angular-tour-of-heroes/tsconfig.spec.json' (Configured)
Info 87   [18:13:25.720] 	Files (118)

Info 88   [18:13:25.720] -----------------------------------------------
Info 89   [18:13:25.722] Starting updateGraphWorker: Project: /home/hadad/paginas/angular-tour-of-heroes/tsconfig.spec.json
Info 90   [18:13:25.723] Finishing updateGraphWorker: Project: /home/hadad/paginas/angular-tour-of-heroes/tsconfig.spec.json Version: 2 structureChanged: false Elapsed: 1ms
Info 91   [18:13:25.730] Search path: /home/hadad/paginas/angular-tour-of-heroes/src/app/hero-detail
Info 92   [18:13:25.731] For info: /home/hadad/paginas/angular-tour-of-heroes/src/app/hero-detail/hero-detail.component.ts :: Config file name: /home/hadad/paginas/angular-tour-of-heroes/tsconfig.json
Info 93   [18:13:25.734] Search path: /home/hadad/paginas/angular-tour-of-heroes/src/app/hero-detail
Info 94   [18:13:25.735] For info: /home/hadad/paginas/angular-tour-of-heroes/src/app/hero-detail/hero-detail.component.spec.ts :: Config file name: /home/hadad/paginas/angular-tour-of-heroes/tsconfig.json
Info 95   [18:14:53.873] Search path: /home/hadad/paginas/angular-tour-of-heroes/src/app/hero-detail
Info 96   [18:14:53.874] For info: /home/hadad/paginas/angular-tour-of-heroes/src/app/hero-detail/hero-detail.component.spec.ts :: Config file name: /home/hadad/paginas/angular-tour-of-heroes/tsconfig.json
