Info 0    [16:41:36.788] Format host information updated
Info 1    [16:41:36.789] reload projects.
Info 2    [16:41:36.789] Before ensureProjectForOpenFiles:
Info 3    [16:41:36.789] After ensureProjectForOpenFiles:
Info 4    [16:41:36.789] Host file extension mappings updated
Info 5    [16:41:36.802] Search path: /home/hadad/paginas/angular-tour-of-heroes/src/app/messages
Info 6    [16:41:36.803] For info: /home/hadad/paginas/angular-tour-of-heroes/src/app/messages/messages.component.html :: Config file name: /home/hadad/paginas/angular-tour-of-heroes/tsconfig.json
Info 7    [16:41:36.804] Opened configuration file /home/hadad/paginas/angular-tour-of-heroes/tsconfig.json
Info 8    [16:41:36.835] Config: /home/hadad/paginas/angular-tour-of-heroes/tsconfig.json : {
 "rootNames": [],
 "options": {
  "configFilePath": "/home/hadad/paginas/angular-tour-of-heroes/tsconfig.json"
 },
 "projectReferences": [
  {
   "path": "/home/hadad/paginas/angular-tour-of-heroes/tsconfig.app.json",
   "originalPath": "./tsconfig.app.json"
  },
  {
   "path": "/home/hadad/paginas/angular-tour-of-heroes/tsconfig.spec.json",
   "originalPath": "./tsconfig.spec.json"
  }
 ]
}
Info 9    [16:41:36.836] Loading global plugin @angular/language-service
Info 10   [16:41:36.836] Enabling plugin @angular/language-service from candidate paths: /home/hadad/.vscode-oss/extensions/angular.ng-template-0.1001.0/server/node_modules/@angular/language-service/bundles/language-service.js,/home/hadad/.vscode-oss/extensions/angular.ng-template-0.1001.0/node_modules/typescript/lib/tsserverlibrary.js/../../..
Info 11   [16:41:36.836] Loading @angular/language-service from /home/hadad/.vscode-oss/extensions/angular.ng-template-0.1001.0/server/node_modules/@angular/language-service/bundles/language-service.js (resolved to /home/hadad/.vscode-oss/extensions/angular.ng-template-0.1001.0/server/node_modules/@angular/language-service/bundles/language-service.js/node_modules)
Info 12   [16:41:36.995] Plugin validation succeded
Info 13   [16:41:37.301] Starting updateGraphWorker: Project: /home/hadad/paginas/angular-tour-of-heroes/tsconfig.json
Info 14   [16:41:37.446] Finishing updateGraphWorker: Project: /home/hadad/paginas/angular-tour-of-heroes/tsconfig.json Version: 1 structureChanged: true Elapsed: 145ms
Info 15   [16:41:37.446] Project '/home/hadad/paginas/angular-tour-of-heroes/tsconfig.json' (Configured)
Info 16   [16:41:37.446] 	Files (0)

Info 17   [16:41:37.446] -----------------------------------------------
Info 18   [16:41:37.448] Starting updateGraphWorker: Project: /home/hadad/paginas/angular-tour-of-heroes/tsconfig.json
Info 19   [16:41:37.449] Finishing updateGraphWorker: Project: /home/hadad/paginas/angular-tour-of-heroes/tsconfig.json Version: 2 structureChanged: false Elapsed: 1ms
Info 20   [16:41:37.451] Disabling language service for /home/hadad/paginas/angular-tour-of-heroes/tsconfig.json because it is not an Angular project ('@angular/core/core.d.ts' could not be found). If you believe you are seeing this message in error, please reinstall the packages in your package.json.
Info 21   [16:41:37.452] Opened configuration file /home/hadad/paginas/angular-tour-of-heroes/tsconfig.app.json
Info 22   [16:41:37.464] Config: /home/hadad/paginas/angular-tour-of-heroes/tsconfig.app.json : {
 "rootNames": [
  "/home/hadad/paginas/angular-tour-of-heroes/src/main.ts",
  "/home/hadad/paginas/angular-tour-of-heroes/src/polyfills.ts"
 ],
 "options": {
  "baseUrl": "/home/hadad/paginas/angular-tour-of-heroes",
  "outDir": "/home/hadad/paginas/angular-tour-of-heroes/out-tsc/app",
  "sourceMap": true,
  "declaration": false,
  "downlevelIteration": true,
  "experimentalDecorators": true,
  "moduleResolution": 2,
  "importHelpers": true,
  "target": 2,
  "module": 6,
  "lib": [
   "lib.es2018.d.ts",
   "lib.dom.d.ts"
  ],
  "types": [],
  "configFilePath": "/home/hadad/paginas/angular-tour-of-heroes/tsconfig.app.json"
 }
}
Info 23   [16:41:37.466] Loading global plugin @angular/language-service
Info 24   [16:41:37.466] Enabling plugin @angular/language-service from candidate paths: /home/hadad/.vscode-oss/extensions/angular.ng-template-0.1001.0/server/node_modules/@angular/language-service/bundles/language-service.js,/home/hadad/.vscode-oss/extensions/angular.ng-template-0.1001.0/node_modules/typescript/lib/tsserverlibrary.js/../../..
Info 25   [16:41:37.466] Loading @angular/language-service from /home/hadad/.vscode-oss/extensions/angular.ng-template-0.1001.0/server/node_modules/@angular/language-service/bundles/language-service.js (resolved to /home/hadad/.vscode-oss/extensions/angular.ng-template-0.1001.0/server/node_modules/@angular/language-service/bundles/language-service.js/node_modules)
Info 26   [16:41:37.480] Plugin validation succeded
Info 27   [16:41:37.482] Starting updateGraphWorker: Project: /home/hadad/paginas/angular-tour-of-heroes/tsconfig.app.json
Info 28   [16:42:3.910] Finishing updateGraphWorker: Project: /home/hadad/paginas/angular-tour-of-heroes/tsconfig.app.json Version: 1 structureChanged: true Elapsed: 26428ms
Info 29   [16:42:3.910] Project '/home/hadad/paginas/angular-tour-of-heroes/tsconfig.app.json' (Configured)
Info 30   [16:42:3.910] 	Files (204)

Info 31   [16:42:3.910] -----------------------------------------------
Info 32   [16:42:3.954] Starting updateGraphWorker: Project: /dev/null/autoImportProviderProject1*
Info 33   [16:42:4.785] Finishing updateGraphWorker: Project: /dev/null/autoImportProviderProject1* Version: 1 structureChanged: true Elapsed: 831ms
Info 34   [16:42:4.785] Project '/dev/null/autoImportProviderProject1*' (AutoImportProvider)
Info 35   [16:42:4.785] 	Files (70)

Info 36   [16:42:4.785] -----------------------------------------------
Info 37   [16:42:4.787] Starting updateGraphWorker: Project: /home/hadad/paginas/angular-tour-of-heroes/tsconfig.app.json
Info 38   [16:42:4.791] Finishing updateGraphWorker: Project: /home/hadad/paginas/angular-tour-of-heroes/tsconfig.app.json Version: 2 structureChanged: false Elapsed: 4ms
Info 39   [16:42:4.793] Opened configuration file /home/hadad/paginas/angular-tour-of-heroes/tsconfig.spec.json
Info 40   [16:42:4.800] Config: /home/hadad/paginas/angular-tour-of-heroes/tsconfig.spec.json : {
 "rootNames": [
  "/home/hadad/paginas/angular-tour-of-heroes/src/test.ts",
  "/home/hadad/paginas/angular-tour-of-heroes/src/polyfills.ts",
  "/home/hadad/paginas/angular-tour-of-heroes/src/app/app.component.spec.ts",
  "/home/hadad/paginas/angular-tour-of-heroes/src/app/hero.service.spec.ts",
  "/home/hadad/paginas/angular-tour-of-heroes/src/app/message.service.spec.ts",
  "/home/hadad/paginas/angular-tour-of-heroes/src/app/hero-detail/hero-detail.component.spec.ts",
  "/home/hadad/paginas/angular-tour-of-heroes/src/app/heroes/heroes.component.spec.ts",
  "/home/hadad/paginas/angular-tour-of-heroes/src/app/messages/messages.component.spec.ts"
 ],
 "options": {
  "baseUrl": "/home/hadad/paginas/angular-tour-of-heroes",
  "outDir": "/home/hadad/paginas/angular-tour-of-heroes/out-tsc/spec",
  "sourceMap": true,
  "declaration": false,
  "downlevelIteration": true,
  "experimentalDecorators": true,
  "moduleResolution": 2,
  "importHelpers": true,
  "target": 2,
  "module": 6,
  "lib": [
   "lib.es2018.d.ts",
   "lib.dom.d.ts"
  ],
  "types": [
   "jasmine"
  ],
  "configFilePath": "/home/hadad/paginas/angular-tour-of-heroes/tsconfig.spec.json"
 }
}
Info 41   [16:42:4.800] Loading global plugin @angular/language-service
Info 42   [16:42:4.800] Enabling plugin @angular/language-service from candidate paths: /home/hadad/.vscode-oss/extensions/angular.ng-template-0.1001.0/server/node_modules/@angular/language-service/bundles/language-service.js,/home/hadad/.vscode-oss/extensions/angular.ng-template-0.1001.0/node_modules/typescript/lib/tsserverlibrary.js/../../..
Info 43   [16:42:4.800] Loading @angular/language-service from /home/hadad/.vscode-oss/extensions/angular.ng-template-0.1001.0/server/node_modules/@angular/language-service/bundles/language-service.js (resolved to /home/hadad/.vscode-oss/extensions/angular.ng-template-0.1001.0/server/node_modules/@angular/language-service/bundles/language-service.js/node_modules)
Info 44   [16:42:4.826] Plugin validation succeded
Info 45   [16:42:4.828] Starting updateGraphWorker: Project: /home/hadad/paginas/angular-tour-of-heroes/tsconfig.spec.json
Info 46   [16:42:6.738] Finishing updateGraphWorker: Project: /home/hadad/paginas/angular-tour-of-heroes/tsconfig.spec.json Version: 1 structureChanged: true Elapsed: 1910ms
Info 47   [16:42:6.738] Project '/home/hadad/paginas/angular-tour-of-heroes/tsconfig.spec.json' (Configured)
Info 48   [16:42:6.738] 	Files (118)

Info 49   [16:42:6.738] -----------------------------------------------
Info 50   [16:42:6.739] Starting updateGraphWorker: Project: /home/hadad/paginas/angular-tour-of-heroes/tsconfig.spec.json
Info 51   [16:42:6.742] Finishing updateGraphWorker: Project: /home/hadad/paginas/angular-tour-of-heroes/tsconfig.spec.json Version: 2 structureChanged: false Elapsed: 3ms
Info 52   [16:42:24.566] FileWatcher:: Triggered with /home/hadad/paginas/angular-tour-of-heroes/src/app/app.module.ts 1:: WatchInfo: /home/hadad/paginas/angular-tour-of-heroes/src/app/app.module.ts 500 undefined Project:  WatchType: Closed Script info
Info 53   [16:42:24.567] Elapsed:: 1ms FileWatcher:: Triggered with /home/hadad/paginas/angular-tour-of-heroes/src/app/app.module.ts 1:: WatchInfo: /home/hadad/paginas/angular-tour-of-heroes/src/app/app.module.ts 500 undefined Project:  WatchType: Closed Script info
Info 54   [16:42:24.817] Starting updateGraphWorker: Project: /home/hadad/paginas/angular-tour-of-heroes/tsconfig.app.json
Info 55   [16:42:24.910] Finishing updateGraphWorker: Project: /home/hadad/paginas/angular-tour-of-heroes/tsconfig.app.json Version: 3 structureChanged: true Elapsed: 93ms
Info 56   [16:42:24.910] Project '/home/hadad/paginas/angular-tour-of-heroes/tsconfig.app.json' (Configured)
Info 57   [16:42:24.910] 	Files (205)

Info 58   [16:42:24.910] -----------------------------------------------
Info 59   [16:42:24.910] Project '/dev/null/autoImportProviderProject1*' (AutoImportProvider)
Info 60   [16:42:24.910] 	Files (70)

Info 61   [16:42:24.910] -----------------------------------------------
Info 62   [16:42:25.569] DirectoryWatcher:: Triggered with /home/hadad/paginas/angular-tour-of-heroes/src/app/app-routing.module.ts 0:: WatchInfo: /home/hadad/paginas/angular-tour-of-heroes/src 1 undefined Project: /home/hadad/paginas/angular-tour-of-heroes/tsconfig.app.json WatchType: Wild card directory
Info 63   [16:42:25.575] Elapsed:: 6ms DirectoryWatcher:: Triggered with /home/hadad/paginas/angular-tour-of-heroes/src/app/app-routing.module.ts 0:: WatchInfo: /home/hadad/paginas/angular-tour-of-heroes/src 1 undefined Project: /home/hadad/paginas/angular-tour-of-heroes/tsconfig.app.json WatchType: Wild card directory
Info 64   [16:42:25.575] DirectoryWatcher:: Triggered with /home/hadad/paginas/angular-tour-of-heroes/src/app/app-routing.module.ts 0:: WatchInfo: /home/hadad/paginas/angular-tour-of-heroes/src 1 undefined Project: /home/hadad/paginas/angular-tour-of-heroes/tsconfig.app.json WatchType: Failed Lookup Locations
Info 65   [16:42:25.576] Elapsed:: 1ms DirectoryWatcher:: Triggered with /home/hadad/paginas/angular-tour-of-heroes/src/app/app-routing.module.ts 0:: WatchInfo: /home/hadad/paginas/angular-tour-of-heroes/src 1 undefined Project: /home/hadad/paginas/angular-tour-of-heroes/tsconfig.app.json WatchType: Failed Lookup Locations
Info 66   [16:42:25.576] DirectoryWatcher:: Triggered with /home/hadad/paginas/angular-tour-of-heroes/src/app/app-routing.module.ts 0:: WatchInfo: /home/hadad/paginas/angular-tour-of-heroes/src 1 undefined Project: /home/hadad/paginas/angular-tour-of-heroes/tsconfig.spec.json WatchType: Wild card directory
Info 67   [16:42:25.577] Elapsed:: 1ms DirectoryWatcher:: Triggered with /home/hadad/paginas/angular-tour-of-heroes/src/app/app-routing.module.ts 0:: WatchInfo: /home/hadad/paginas/angular-tour-of-heroes/src 1 undefined Project: /home/hadad/paginas/angular-tour-of-heroes/tsconfig.spec.json WatchType: Wild card directory
Info 68   [16:42:25.577] DirectoryWatcher:: Triggered with /home/hadad/paginas/angular-tour-of-heroes/src/app/app-routing.module.ts 0:: WatchInfo: /home/hadad/paginas/angular-tour-of-heroes/src 1 undefined Project: /home/hadad/paginas/angular-tour-of-heroes/tsconfig.spec.json WatchType: Failed Lookup Locations
Info 69   [16:42:25.577] Elapsed:: 0ms DirectoryWatcher:: Triggered with /home/hadad/paginas/angular-tour-of-heroes/src/app/app-routing.module.ts 0:: WatchInfo: /home/hadad/paginas/angular-tour-of-heroes/src 1 undefined Project: /home/hadad/paginas/angular-tour-of-heroes/tsconfig.spec.json WatchType: Failed Lookup Locations
Info 70   [16:42:25.844] Starting updateGraphWorker: Project: /home/hadad/paginas/angular-tour-of-heroes/tsconfig.app.json
Info 71   [16:42:25.844] Finishing updateGraphWorker: Project: /home/hadad/paginas/angular-tour-of-heroes/tsconfig.app.json Version: 4 structureChanged: false Elapsed: 0ms
Info 72   [16:42:25.858] Starting updateGraphWorker: Project: /home/hadad/paginas/angular-tour-of-heroes/tsconfig.spec.json
Info 73   [16:42:25.858] Finishing updateGraphWorker: Project: /home/hadad/paginas/angular-tour-of-heroes/tsconfig.spec.json Version: 3 structureChanged: false Elapsed: 0ms
Info 74   [16:42:28.77] Before ensureProjectForOpenFiles:
Info 75   [16:42:28.78] After ensureProjectForOpenFiles:
Info 76   [16:45:41.589] Search path: /home/hadad/paginas/angular-tour-of-heroes/src/app
Info 77   [16:45:41.590] For info: /home/hadad/paginas/angular-tour-of-heroes/src/app/app-routing.module.ts :: Config file name: /home/hadad/paginas/angular-tour-of-heroes/tsconfig.json
Info 78   [16:45:51.832] Starting updateGraphWorker: Project: /home/hadad/paginas/angular-tour-of-heroes/tsconfig.app.json
Info 79   [16:45:52.17] Finishing updateGraphWorker: Project: /home/hadad/paginas/angular-tour-of-heroes/tsconfig.app.json Version: 5 structureChanged: true Elapsed: 185ms
Info 80   [16:45:52.17] Different program with same set of files:: oldProgram.structureIsReused:: 0
Info 81   [16:45:52.761] Starting updateGraphWorker: Project: /home/hadad/paginas/angular-tour-of-heroes/tsconfig.app.json
Info 82   [16:45:52.821] Finishing updateGraphWorker: Project: /home/hadad/paginas/angular-tour-of-heroes/tsconfig.app.json Version: 6 structureChanged: false Elapsed: 59ms
Info 83   [16:45:52.821] Different program with same set of files:: oldProgram.structureIsReused:: 2
Info 84   [16:45:53.133] Starting updateGraphWorker: Project: /home/hadad/paginas/angular-tour-of-heroes/tsconfig.app.json
Info 85   [16:45:53.189] Finishing updateGraphWorker: Project: /home/hadad/paginas/angular-tour-of-heroes/tsconfig.app.json Version: 7 structureChanged: false Elapsed: 55ms
Info 86   [16:45:53.189] Different program with same set of files:: oldProgram.structureIsReused:: 2
Info 87   [16:45:53.431] Starting updateGraphWorker: Project: /home/hadad/paginas/angular-tour-of-heroes/tsconfig.app.json
Info 88   [16:45:53.476] Finishing updateGraphWorker: Project: /home/hadad/paginas/angular-tour-of-heroes/tsconfig.app.json Version: 8 structureChanged: false Elapsed: 45ms
Info 89   [16:45:53.476] Different program with same set of files:: oldProgram.structureIsReused:: 2
Info 90   [16:45:54.40] Starting updateGraphWorker: Project: /home/hadad/paginas/angular-tour-of-heroes/tsconfig.app.json
Info 91   [16:45:54.89] Finishing updateGraphWorker: Project: /home/hadad/paginas/angular-tour-of-heroes/tsconfig.app.json Version: 9 structureChanged: false Elapsed: 49ms
Info 92   [16:45:54.89] Different program with same set of files:: oldProgram.structureIsReused:: 2
Info 93   [16:45:54.869] Starting updateGraphWorker: Project: /home/hadad/paginas/angular-tour-of-heroes/tsconfig.app.json
Info 94   [16:45:54.921] Finishing updateGraphWorker: Project: /home/hadad/paginas/angular-tour-of-heroes/tsconfig.app.json Version: 10 structureChanged: false Elapsed: 52ms
Info 95   [16:45:54.921] Different program with same set of files:: oldProgram.structureIsReused:: 2
Info 96   [16:45:55.192] Starting updateGraphWorker: Project: /home/hadad/paginas/angular-tour-of-heroes/tsconfig.app.json
Info 97   [16:45:55.241] Finishing updateGraphWorker: Project: /home/hadad/paginas/angular-tour-of-heroes/tsconfig.app.json Version: 11 structureChanged: false Elapsed: 48ms
Info 98   [16:45:55.241] Different program with same set of files:: oldProgram.structureIsReused:: 2
Info 99   [16:45:55.871] Starting updateGraphWorker: Project: /home/hadad/paginas/angular-tour-of-heroes/tsconfig.app.json
Info 100  [16:45:55.913] Finishing updateGraphWorker: Project: /home/hadad/paginas/angular-tour-of-heroes/tsconfig.app.json Version: 12 structureChanged: false Elapsed: 42ms
Info 101  [16:45:55.913] Different program with same set of files:: oldProgram.structureIsReused:: 2
Info 102  [16:45:56.450] Starting updateGraphWorker: Project: /home/hadad/paginas/angular-tour-of-heroes/tsconfig.app.json
Info 103  [16:45:56.495] Finishing updateGraphWorker: Project: /home/hadad/paginas/angular-tour-of-heroes/tsconfig.app.json Version: 13 structureChanged: false Elapsed: 45ms
Info 104  [16:45:56.495] Different program with same set of files:: oldProgram.structureIsReused:: 2
Info 105  [16:45:56.834] Starting updateGraphWorker: Project: /home/hadad/paginas/angular-tour-of-heroes/tsconfig.app.json
Info 106  [16:45:56.879] Finishing updateGraphWorker: Project: /home/hadad/paginas/angular-tour-of-heroes/tsconfig.app.json Version: 14 structureChanged: false Elapsed: 45ms
Info 107  [16:45:56.879] Different program with same set of files:: oldProgram.structureIsReused:: 2
Info 108  [16:45:57.223] Starting updateGraphWorker: Project: /home/hadad/paginas/angular-tour-of-heroes/tsconfig.app.json
Info 109  [16:45:57.262] Finishing updateGraphWorker: Project: /home/hadad/paginas/angular-tour-of-heroes/tsconfig.app.json Version: 15 structureChanged: false Elapsed: 39ms
Info 110  [16:45:57.262] Different program with same set of files:: oldProgram.structureIsReused:: 2
Info 111  [16:45:57.834] Starting updateGraphWorker: Project: /home/hadad/paginas/angular-tour-of-heroes/tsconfig.app.json
Info 112  [16:45:57.891] Finishing updateGraphWorker: Project: /home/hadad/paginas/angular-tour-of-heroes/tsconfig.app.json Version: 16 structureChanged: false Elapsed: 57ms
Info 113  [16:45:57.891] Different program with same set of files:: oldProgram.structureIsReused:: 2
Info 114  [16:45:58.687] Starting updateGraphWorker: Project: /home/hadad/paginas/angular-tour-of-heroes/tsconfig.app.json
Info 115  [16:45:58.739] Finishing updateGraphWorker: Project: /home/hadad/paginas/angular-tour-of-heroes/tsconfig.app.json Version: 17 structureChanged: false Elapsed: 52ms
Info 116  [16:45:58.739] Different program with same set of files:: oldProgram.structureIsReused:: 2
Info 117  [16:45:59.363] Starting updateGraphWorker: Project: /home/hadad/paginas/angular-tour-of-heroes/tsconfig.app.json
Info 118  [16:45:59.424] Finishing updateGraphWorker: Project: /home/hadad/paginas/angular-tour-of-heroes/tsconfig.app.json Version: 18 structureChanged: false Elapsed: 61ms
Info 119  [16:45:59.424] Different program with same set of files:: oldProgram.structureIsReused:: 2
Info 120  [16:45:59.682] Starting updateGraphWorker: Project: /home/hadad/paginas/angular-tour-of-heroes/tsconfig.app.json
Info 121  [16:45:59.725] Finishing updateGraphWorker: Project: /home/hadad/paginas/angular-tour-of-heroes/tsconfig.app.json Version: 19 structureChanged: false Elapsed: 42ms
Info 122  [16:45:59.725] Different program with same set of files:: oldProgram.structureIsReused:: 2
Info 123  [16:46:0.600] Starting updateGraphWorker: Project: /home/hadad/paginas/angular-tour-of-heroes/tsconfig.app.json
Info 124  [16:46:0.629] Finishing updateGraphWorker: Project: /home/hadad/paginas/angular-tour-of-heroes/tsconfig.app.json Version: 20 structureChanged: false Elapsed: 29ms
Info 125  [16:46:0.629] Different program with same set of files:: oldProgram.structureIsReused:: 2
Info 126  [16:46:2.93] Starting updateGraphWorker: Project: /home/hadad/paginas/angular-tour-of-heroes/tsconfig.app.json
Info 127  [16:46:2.133] Finishing updateGraphWorker: Project: /home/hadad/paginas/angular-tour-of-heroes/tsconfig.app.json Version: 21 structureChanged: false Elapsed: 39ms
Info 128  [16:46:2.133] Different program with same set of files:: oldProgram.structureIsReused:: 2
Info 129  [16:46:3.172] Starting updateGraphWorker: Project: /home/hadad/paginas/angular-tour-of-heroes/tsconfig.app.json
Info 130  [16:46:3.219] Finishing updateGraphWorker: Project: /home/hadad/paginas/angular-tour-of-heroes/tsconfig.app.json Version: 22 structureChanged: false Elapsed: 47ms
Info 131  [16:46:3.219] Different program with same set of files:: oldProgram.structureIsReused:: 2
Info 132  [16:46:5.752] Starting updateGraphWorker: Project: /home/hadad/paginas/angular-tour-of-heroes/tsconfig.app.json
Info 133  [16:46:5.778] Finishing updateGraphWorker: Project: /home/hadad/paginas/angular-tour-of-heroes/tsconfig.app.json Version: 23 structureChanged: false Elapsed: 26ms
Info 134  [16:46:5.778] Different program with same set of files:: oldProgram.structureIsReused:: 2
Info 135  [16:46:5.978] Starting updateGraphWorker: Project: /home/hadad/paginas/angular-tour-of-heroes/tsconfig.app.json
Info 136  [16:46:6.25] Finishing updateGraphWorker: Project: /home/hadad/paginas/angular-tour-of-heroes/tsconfig.app.json Version: 24 structureChanged: false Elapsed: 47ms
Info 137  [16:46:6.25] Different program with same set of files:: oldProgram.structureIsReused:: 2
Info 138  [16:46:8.98] Starting updateGraphWorker: Project: /home/hadad/paginas/angular-tour-of-heroes/tsconfig.app.json
Info 139  [16:46:8.133] Finishing updateGraphWorker: Project: /home/hadad/paginas/angular-tour-of-heroes/tsconfig.app.json Version: 25 structureChanged: false Elapsed: 35ms
Info 140  [16:46:8.134] Different program with same set of files:: oldProgram.structureIsReused:: 2
Info 141  [16:46:8.587] Starting updateGraphWorker: Project: /home/hadad/paginas/angular-tour-of-heroes/tsconfig.app.json
Info 142  [16:46:8.634] Finishing updateGraphWorker: Project: /home/hadad/paginas/angular-tour-of-heroes/tsconfig.app.json Version: 26 structureChanged: false Elapsed: 47ms
Info 143  [16:46:8.634] Different program with same set of files:: oldProgram.structureIsReused:: 2
Info 144  [16:46:10.747] Starting updateGraphWorker: Project: /home/hadad/paginas/angular-tour-of-heroes/tsconfig.app.json
Info 145  [16:46:10.790] Finishing updateGraphWorker: Project: /home/hadad/paginas/angular-tour-of-heroes/tsconfig.app.json Version: 27 structureChanged: false Elapsed: 42ms
Info 146  [16:46:10.790] Different program with same set of files:: oldProgram.structureIsReused:: 2
Info 147  [16:46:11.89] Starting updateGraphWorker: Project: /home/hadad/paginas/angular-tour-of-heroes/tsconfig.app.json
Info 148  [16:46:11.131] Finishing updateGraphWorker: Project: /home/hadad/paginas/angular-tour-of-heroes/tsconfig.app.json Version: 28 structureChanged: false Elapsed: 42ms
Info 149  [16:46:11.131] Different program with same set of files:: oldProgram.structureIsReused:: 2
Info 150  [16:46:11.987] Starting updateGraphWorker: Project: /home/hadad/paginas/angular-tour-of-heroes/tsconfig.app.json
Info 151  [16:46:12.18] Finishing updateGraphWorker: Project: /home/hadad/paginas/angular-tour-of-heroes/tsconfig.app.json Version: 29 structureChanged: false Elapsed: 31ms
Info 152  [16:46:12.18] Different program with same set of files:: oldProgram.structureIsReused:: 2
Info 153  [16:46:12.360] Starting updateGraphWorker: Project: /home/hadad/paginas/angular-tour-of-heroes/tsconfig.app.json
Info 154  [16:46:12.410] Finishing updateGraphWorker: Project: /home/hadad/paginas/angular-tour-of-heroes/tsconfig.app.json Version: 30 structureChanged: false Elapsed: 50ms
Info 155  [16:46:12.410] Different program with same set of files:: oldProgram.structureIsReused:: 2
Info 156  [16:46:12.637] Starting updateGraphWorker: Project: /home/hadad/paginas/angular-tour-of-heroes/tsconfig.app.json
Info 157  [16:46:12.681] Finishing updateGraphWorker: Project: /home/hadad/paginas/angular-tour-of-heroes/tsconfig.app.json Version: 31 structureChanged: false Elapsed: 44ms
Info 158  [16:46:12.682] Different program with same set of files:: oldProgram.structureIsReused:: 2
Info 159  [16:46:13.581] Starting updateGraphWorker: Project: /home/hadad/paginas/angular-tour-of-heroes/tsconfig.app.json
Info 160  [16:46:13.611] Finishing updateGraphWorker: Project: /home/hadad/paginas/angular-tour-of-heroes/tsconfig.app.json Version: 32 structureChanged: false Elapsed: 30ms
Info 161  [16:46:13.611] Different program with same set of files:: oldProgram.structureIsReused:: 2
Info 162  [16:46:14.645] Starting updateGraphWorker: Project: /home/hadad/paginas/angular-tour-of-heroes/tsconfig.app.json
Info 163  [16:46:14.693] Finishing updateGraphWorker: Project: /home/hadad/paginas/angular-tour-of-heroes/tsconfig.app.json Version: 33 structureChanged: false Elapsed: 48ms
Info 164  [16:46:14.694] Different program with same set of files:: oldProgram.structureIsReused:: 2
Info 165  [16:46:15.679] Starting updateGraphWorker: Project: /home/hadad/paginas/angular-tour-of-heroes/tsconfig.app.json
Info 166  [16:46:15.714] Finishing updateGraphWorker: Project: /home/hadad/paginas/angular-tour-of-heroes/tsconfig.app.json Version: 34 structureChanged: false Elapsed: 35ms
Info 167  [16:46:15.714] Different program with same set of files:: oldProgram.structureIsReused:: 2
Info 168  [16:46:16.146] Starting updateGraphWorker: Project: /home/hadad/paginas/angular-tour-of-heroes/tsconfig.app.json
Info 169  [16:46:16.182] Finishing updateGraphWorker: Project: /home/hadad/paginas/angular-tour-of-heroes/tsconfig.app.json Version: 35 structureChanged: false Elapsed: 36ms
Info 170  [16:46:16.182] Different program with same set of files:: oldProgram.structureIsReused:: 2
Info 171  [16:46:17.565] Starting updateGraphWorker: Project: /home/hadad/paginas/angular-tour-of-heroes/tsconfig.app.json
Info 172  [16:46:17.600] Finishing updateGraphWorker: Project: /home/hadad/paginas/angular-tour-of-heroes/tsconfig.app.json Version: 36 structureChanged: false Elapsed: 35ms
Info 173  [16:46:17.600] Different program with same set of files:: oldProgram.structureIsReused:: 2
Info 174  [16:46:17.857] Starting updateGraphWorker: Project: /home/hadad/paginas/angular-tour-of-heroes/tsconfig.app.json
Info 175  [16:46:17.902] Finishing updateGraphWorker: Project: /home/hadad/paginas/angular-tour-of-heroes/tsconfig.app.json Version: 37 structureChanged: false Elapsed: 45ms
Info 176  [16:46:17.902] Different program with same set of files:: oldProgram.structureIsReused:: 2
Info 177  [16:46:18.357] Starting updateGraphWorker: Project: /home/hadad/paginas/angular-tour-of-heroes/tsconfig.app.json
Info 178  [16:46:18.388] Finishing updateGraphWorker: Project: /home/hadad/paginas/angular-tour-of-heroes/tsconfig.app.json Version: 38 structureChanged: false Elapsed: 31ms
Info 179  [16:46:18.388] Different program with same set of files:: oldProgram.structureIsReused:: 2
Info 180  [16:46:18.665] Starting updateGraphWorker: Project: /home/hadad/paginas/angular-tour-of-heroes/tsconfig.app.json
Info 181  [16:46:18.702] Finishing updateGraphWorker: Project: /home/hadad/paginas/angular-tour-of-heroes/tsconfig.app.json Version: 39 structureChanged: false Elapsed: 36ms
Info 182  [16:46:18.702] Different program with same set of files:: oldProgram.structureIsReused:: 2
Info 183  [16:46:19.93] Starting updateGraphWorker: Project: /home/hadad/paginas/angular-tour-of-heroes/tsconfig.app.json
Info 184  [16:46:19.130] Finishing updateGraphWorker: Project: /home/hadad/paginas/angular-tour-of-heroes/tsconfig.app.json Version: 40 structureChanged: false Elapsed: 37ms
Info 185  [16:46:19.130] Different program with same set of files:: oldProgram.structureIsReused:: 2
Info 186  [16:46:20.236] Starting updateGraphWorker: Project: /home/hadad/paginas/angular-tour-of-heroes/tsconfig.app.json
Info 187  [16:46:20.275] Finishing updateGraphWorker: Project: /home/hadad/paginas/angular-tour-of-heroes/tsconfig.app.json Version: 41 structureChanged: false Elapsed: 39ms
Info 188  [16:46:20.275] Different program with same set of files:: oldProgram.structureIsReused:: 2
Info 189  [16:46:20.941] Starting updateGraphWorker: Project: /home/hadad/paginas/angular-tour-of-heroes/tsconfig.app.json
Info 190  [16:46:20.985] Finishing updateGraphWorker: Project: /home/hadad/paginas/angular-tour-of-heroes/tsconfig.app.json Version: 42 structureChanged: false Elapsed: 43ms
Info 191  [16:46:20.985] Different program with same set of files:: oldProgram.structureIsReused:: 2
Info 192  [16:46:21.847] Starting updateGraphWorker: Project: /home/hadad/paginas/angular-tour-of-heroes/tsconfig.app.json
Info 193  [16:46:21.890] Finishing updateGraphWorker: Project: /home/hadad/paginas/angular-tour-of-heroes/tsconfig.app.json Version: 43 structureChanged: false Elapsed: 43ms
Info 194  [16:46:21.890] Different program with same set of files:: oldProgram.structureIsReused:: 2
Info 195  [16:46:22.111] Starting updateGraphWorker: Project: /home/hadad/paginas/angular-tour-of-heroes/tsconfig.app.json
Info 196  [16:46:22.156] Finishing updateGraphWorker: Project: /home/hadad/paginas/angular-tour-of-heroes/tsconfig.app.json Version: 44 structureChanged: false Elapsed: 45ms
Info 197  [16:46:22.156] Different program with same set of files:: oldProgram.structureIsReused:: 2
Info 198  [16:46:22.623] Starting updateGraphWorker: Project: /home/hadad/paginas/angular-tour-of-heroes/tsconfig.app.json
Info 199  [16:46:22.660] Finishing updateGraphWorker: Project: /home/hadad/paginas/angular-tour-of-heroes/tsconfig.app.json Version: 45 structureChanged: false Elapsed: 37ms
Info 200  [16:46:22.660] Different program with same set of files:: oldProgram.structureIsReused:: 2
Info 201  [16:46:23.16] Starting updateGraphWorker: Project: /home/hadad/paginas/angular-tour-of-heroes/tsconfig.app.json
Info 202  [16:46:23.79] Finishing updateGraphWorker: Project: /home/hadad/paginas/angular-tour-of-heroes/tsconfig.app.json Version: 46 structureChanged: false Elapsed: 62ms
Info 203  [16:46:23.79] Different program with same set of files:: oldProgram.structureIsReused:: 2
Info 204  [16:46:23.328] Starting updateGraphWorker: Project: /home/hadad/paginas/angular-tour-of-heroes/tsconfig.app.json
Info 205  [16:46:23.368] Finishing updateGraphWorker: Project: /home/hadad/paginas/angular-tour-of-heroes/tsconfig.app.json Version: 47 structureChanged: false Elapsed: 40ms
Info 206  [16:46:23.368] Different program with same set of files:: oldProgram.structureIsReused:: 2
Info 207  [16:46:24.184] Starting updateGraphWorker: Project: /home/hadad/paginas/angular-tour-of-heroes/tsconfig.app.json
Info 208  [16:46:24.218] Finishing updateGraphWorker: Project: /home/hadad/paginas/angular-tour-of-heroes/tsconfig.app.json Version: 48 structureChanged: false Elapsed: 34ms
Info 209  [16:46:24.218] Different program with same set of files:: oldProgram.structureIsReused:: 2
Info 210  [16:46:26.296] Starting updateGraphWorker: Project: /home/hadad/paginas/angular-tour-of-heroes/tsconfig.app.json
Info 211  [16:46:26.333] Finishing updateGraphWorker: Project: /home/hadad/paginas/angular-tour-of-heroes/tsconfig.app.json Version: 49 structureChanged: false Elapsed: 37ms
Info 212  [16:46:26.333] Different program with same set of files:: oldProgram.structureIsReused:: 2
Info 213  [16:46:26.992] Starting updateGraphWorker: Project: /home/hadad/paginas/angular-tour-of-heroes/tsconfig.app.json
Info 214  [16:46:27.17] Finishing updateGraphWorker: Project: /home/hadad/paginas/angular-tour-of-heroes/tsconfig.app.json Version: 50 structureChanged: false Elapsed: 24ms
Info 215  [16:46:27.18] Different program with same set of files:: oldProgram.structureIsReused:: 2
Info 216  [16:46:27.273] Starting updateGraphWorker: Project: /home/hadad/paginas/angular-tour-of-heroes/tsconfig.app.json
Info 217  [16:46:27.314] Finishing updateGraphWorker: Project: /home/hadad/paginas/angular-tour-of-heroes/tsconfig.app.json Version: 51 structureChanged: false Elapsed: 40ms
Info 218  [16:46:27.314] Different program with same set of files:: oldProgram.structureIsReused:: 2
Info 219  [16:46:27.536] Starting updateGraphWorker: Project: /home/hadad/paginas/angular-tour-of-heroes/tsconfig.app.json
Info 220  [16:46:27.562] Finishing updateGraphWorker: Project: /home/hadad/paginas/angular-tour-of-heroes/tsconfig.app.json Version: 52 structureChanged: false Elapsed: 26ms
Info 221  [16:46:27.563] Different program with same set of files:: oldProgram.structureIsReused:: 2
Info 222  [16:46:28.141] Starting updateGraphWorker: Project: /home/hadad/paginas/angular-tour-of-heroes/tsconfig.app.json
Info 223  [16:46:28.189] Finishing updateGraphWorker: Project: /home/hadad/paginas/angular-tour-of-heroes/tsconfig.app.json Version: 53 structureChanged: false Elapsed: 48ms
Info 224  [16:46:28.189] Different program with same set of files:: oldProgram.structureIsReused:: 2
Info 225  [16:46:28.403] Starting updateGraphWorker: Project: /home/hadad/paginas/angular-tour-of-heroes/tsconfig.app.json
Info 226  [16:46:28.430] Finishing updateGraphWorker: Project: /home/hadad/paginas/angular-tour-of-heroes/tsconfig.app.json Version: 54 structureChanged: false Elapsed: 26ms
Info 227  [16:46:28.430] Different program with same set of files:: oldProgram.structureIsReused:: 2
Info 228  [16:46:29.96] Starting updateGraphWorker: Project: /home/hadad/paginas/angular-tour-of-heroes/tsconfig.app.json
Info 229  [16:46:29.128] Finishing updateGraphWorker: Project: /home/hadad/paginas/angular-tour-of-heroes/tsconfig.app.json Version: 55 structureChanged: false Elapsed: 31ms
Info 230  [16:46:29.128] Different program with same set of files:: oldProgram.structureIsReused:: 2
Info 231  [16:46:29.641] Starting updateGraphWorker: Project: /home/hadad/paginas/angular-tour-of-heroes/tsconfig.app.json
Info 232  [16:46:29.678] Finishing updateGraphWorker: Project: /home/hadad/paginas/angular-tour-of-heroes/tsconfig.app.json Version: 56 structureChanged: false Elapsed: 37ms
Info 233  [16:46:29.678] Different program with same set of files:: oldProgram.structureIsReused:: 2
Info 234  [16:46:30.437] Starting updateGraphWorker: Project: /home/hadad/paginas/angular-tour-of-heroes/tsconfig.app.json
Info 235  [16:46:30.471] Finishing updateGraphWorker: Project: /home/hadad/paginas/angular-tour-of-heroes/tsconfig.app.json Version: 57 structureChanged: false Elapsed: 34ms
Info 236  [16:46:30.471] Different program with same set of files:: oldProgram.structureIsReused:: 2
Info 237  [16:46:31.62] Starting updateGraphWorker: Project: /home/hadad/paginas/angular-tour-of-heroes/tsconfig.app.json
Info 238  [16:46:31.98] Finishing updateGraphWorker: Project: /home/hadad/paginas/angular-tour-of-heroes/tsconfig.app.json Version: 58 structureChanged: false Elapsed: 36ms
Info 239  [16:46:31.99] Different program with same set of files:: oldProgram.structureIsReused:: 2
Info 240  [16:46:31.954] Starting updateGraphWorker: Project: /home/hadad/paginas/angular-tour-of-heroes/tsconfig.app.json
Info 241  [16:46:31.997] Finishing updateGraphWorker: Project: /home/hadad/paginas/angular-tour-of-heroes/tsconfig.app.json Version: 59 structureChanged: false Elapsed: 43ms
Info 242  [16:46:31.997] Different program with same set of files:: oldProgram.structureIsReused:: 2
Info 243  [16:46:32.596] Starting updateGraphWorker: Project: /home/hadad/paginas/angular-tour-of-heroes/tsconfig.app.json
Info 244  [16:46:32.629] Finishing updateGraphWorker: Project: /home/hadad/paginas/angular-tour-of-heroes/tsconfig.app.json Version: 60 structureChanged: false Elapsed: 33ms
Info 245  [16:46:32.629] Different program with same set of files:: oldProgram.structureIsReused:: 2
Info 246  [16:46:33.21] Starting updateGraphWorker: Project: /home/hadad/paginas/angular-tour-of-heroes/tsconfig.app.json
Info 247  [16:46:33.50] Finishing updateGraphWorker: Project: /home/hadad/paginas/angular-tour-of-heroes/tsconfig.app.json Version: 61 structureChanged: false Elapsed: 29ms
Info 248  [16:46:33.50] Different program with same set of files:: oldProgram.structureIsReused:: 2
Info 249  [16:46:35.810] Starting updateGraphWorker: Project: /home/hadad/paginas/angular-tour-of-heroes/tsconfig.app.json
Info 250  [16:46:35.840] Finishing updateGraphWorker: Project: /home/hadad/paginas/angular-tour-of-heroes/tsconfig.app.json Version: 62 structureChanged: false Elapsed: 30ms
Info 251  [16:46:35.840] Different program with same set of files:: oldProgram.structureIsReused:: 2
Info 252  [16:46:36.177] Starting updateGraphWorker: Project: /home/hadad/paginas/angular-tour-of-heroes/tsconfig.app.json
Info 253  [16:46:36.215] Finishing updateGraphWorker: Project: /home/hadad/paginas/angular-tour-of-heroes/tsconfig.app.json Version: 63 structureChanged: false Elapsed: 38ms
Info 254  [16:46:36.215] Different program with same set of files:: oldProgram.structureIsReused:: 2
Info 255  [16:46:36.691] Starting updateGraphWorker: Project: /home/hadad/paginas/angular-tour-of-heroes/tsconfig.app.json
Info 256  [16:46:36.736] Finishing updateGraphWorker: Project: /home/hadad/paginas/angular-tour-of-heroes/tsconfig.app.json Version: 64 structureChanged: false Elapsed: 45ms
Info 257  [16:46:36.736] Different program with same set of files:: oldProgram.structureIsReused:: 2
Info 258  [16:46:37.195] Starting updateGraphWorker: Project: /home/hadad/paginas/angular-tour-of-heroes/tsconfig.app.json
Info 259  [16:46:37.243] Finishing updateGraphWorker: Project: /home/hadad/paginas/angular-tour-of-heroes/tsconfig.app.json Version: 65 structureChanged: false Elapsed: 48ms
Info 260  [16:46:37.243] Different program with same set of files:: oldProgram.structureIsReused:: 2
Info 261  [16:46:37.631] Starting updateGraphWorker: Project: /home/hadad/paginas/angular-tour-of-heroes/tsconfig.app.json
Info 262  [16:46:37.655] Finishing updateGraphWorker: Project: /home/hadad/paginas/angular-tour-of-heroes/tsconfig.app.json Version: 66 structureChanged: false Elapsed: 24ms
Info 263  [16:46:37.655] Different program with same set of files:: oldProgram.structureIsReused:: 2
Info 264  [16:46:38.69] Starting updateGraphWorker: Project: /home/hadad/paginas/angular-tour-of-heroes/tsconfig.app.json
Info 265  [16:46:38.108] Finishing updateGraphWorker: Project: /home/hadad/paginas/angular-tour-of-heroes/tsconfig.app.json Version: 67 structureChanged: false Elapsed: 39ms
Info 266  [16:46:38.108] Different program with same set of files:: oldProgram.structureIsReused:: 2
Info 267  [16:46:38.505] Starting updateGraphWorker: Project: /home/hadad/paginas/angular-tour-of-heroes/tsconfig.app.json
Info 268  [16:46:38.536] Finishing updateGraphWorker: Project: /home/hadad/paginas/angular-tour-of-heroes/tsconfig.app.json Version: 68 structureChanged: false Elapsed: 31ms
Info 269  [16:46:38.536] Different program with same set of files:: oldProgram.structureIsReused:: 2
Info 270  [16:46:38.736] Starting updateGraphWorker: Project: /home/hadad/paginas/angular-tour-of-heroes/tsconfig.app.json
Info 271  [16:46:38.773] Finishing updateGraphWorker: Project: /home/hadad/paginas/angular-tour-of-heroes/tsconfig.app.json Version: 69 structureChanged: false Elapsed: 37ms
Info 272  [16:46:38.773] Different program with same set of files:: oldProgram.structureIsReused:: 2
Info 273  [16:46:38.979] Starting updateGraphWorker: Project: /home/hadad/paginas/angular-tour-of-heroes/tsconfig.app.json
Info 274  [16:46:39.21] Finishing updateGraphWorker: Project: /home/hadad/paginas/angular-tour-of-heroes/tsconfig.app.json Version: 70 structureChanged: false Elapsed: 42ms
Info 275  [16:46:39.21] Different program with same set of files:: oldProgram.structureIsReused:: 2
Info 276  [16:46:39.217] Starting updateGraphWorker: Project: /home/hadad/paginas/angular-tour-of-heroes/tsconfig.app.json
Info 277  [16:46:39.257] Finishing updateGraphWorker: Project: /home/hadad/paginas/angular-tour-of-heroes/tsconfig.app.json Version: 71 structureChanged: false Elapsed: 39ms
Info 278  [16:46:39.257] Different program with same set of files:: oldProgram.structureIsReused:: 2
Info 279  [16:46:39.868] Starting updateGraphWorker: Project: /home/hadad/paginas/angular-tour-of-heroes/tsconfig.app.json
Info 280  [16:46:39.900] Finishing updateGraphWorker: Project: /home/hadad/paginas/angular-tour-of-heroes/tsconfig.app.json Version: 72 structureChanged: false Elapsed: 32ms
Info 281  [16:46:39.901] Different program with same set of files:: oldProgram.structureIsReused:: 2
Info 282  [16:46:40.910] Starting updateGraphWorker: Project: /home/hadad/paginas/angular-tour-of-heroes/tsconfig.app.json
Info 283  [16:46:40.944] Finishing updateGraphWorker: Project: /home/hadad/paginas/angular-tour-of-heroes/tsconfig.app.json Version: 73 structureChanged: false Elapsed: 34ms
Info 284  [16:46:40.944] Different program with same set of files:: oldProgram.structureIsReused:: 2
Info 285  [16:46:44.497] Starting updateGraphWorker: Project: /home/hadad/paginas/angular-tour-of-heroes/tsconfig.app.json
Info 286  [16:46:44.546] Finishing updateGraphWorker: Project: /home/hadad/paginas/angular-tour-of-heroes/tsconfig.app.json Version: 74 structureChanged: false Elapsed: 49ms
Info 287  [16:46:44.546] Different program with same set of files:: oldProgram.structureIsReused:: 2
Info 288  [16:46:45.210] Starting updateGraphWorker: Project: /home/hadad/paginas/angular-tour-of-heroes/tsconfig.app.json
Info 289  [16:46:45.240] Finishing updateGraphWorker: Project: /home/hadad/paginas/angular-tour-of-heroes/tsconfig.app.json Version: 75 structureChanged: false Elapsed: 30ms
Info 290  [16:46:45.240] Different program with same set of files:: oldProgram.structureIsReused:: 2
Info 291  [16:46:46.825] Starting updateGraphWorker: Project: /home/hadad/paginas/angular-tour-of-heroes/tsconfig.app.json
Info 292  [16:46:46.877] Finishing updateGraphWorker: Project: /home/hadad/paginas/angular-tour-of-heroes/tsconfig.app.json Version: 76 structureChanged: false Elapsed: 52ms
Info 293  [16:46:46.877] Different program with same set of files:: oldProgram.structureIsReused:: 2
Info 294  [16:46:48.283] Starting updateGraphWorker: Project: /home/hadad/paginas/angular-tour-of-heroes/tsconfig.app.json
Info 295  [16:46:48.322] Finishing updateGraphWorker: Project: /home/hadad/paginas/angular-tour-of-heroes/tsconfig.app.json Version: 77 structureChanged: false Elapsed: 39ms
Info 296  [16:46:48.322] Different program with same set of files:: oldProgram.structureIsReused:: 2
Info 297  [16:46:49.813] Starting updateGraphWorker: Project: /home/hadad/paginas/angular-tour-of-heroes/tsconfig.app.json
Info 298  [16:46:49.865] Finishing updateGraphWorker: Project: /home/hadad/paginas/angular-tour-of-heroes/tsconfig.app.json Version: 78 structureChanged: false Elapsed: 52ms
Info 299  [16:46:49.865] Different program with same set of files:: oldProgram.structureIsReused:: 2
Info 300  [16:46:50.459] Starting updateGraphWorker: Project: /home/hadad/paginas/angular-tour-of-heroes/tsconfig.app.json
Info 301  [16:46:50.496] Finishing updateGraphWorker: Project: /home/hadad/paginas/angular-tour-of-heroes/tsconfig.app.json Version: 79 structureChanged: false Elapsed: 37ms
Info 302  [16:46:50.496] Different program with same set of files:: oldProgram.structureIsReused:: 2
Info 303  [16:46:51.157] Starting updateGraphWorker: Project: /home/hadad/paginas/angular-tour-of-heroes/tsconfig.app.json
Info 304  [16:46:51.189] Finishing updateGraphWorker: Project: /home/hadad/paginas/angular-tour-of-heroes/tsconfig.app.json Version: 80 structureChanged: false Elapsed: 32ms
Info 305  [16:46:51.189] Different program with same set of files:: oldProgram.structureIsReused:: 2
Info 306  [16:46:53.81] Starting updateGraphWorker: Project: /home/hadad/paginas/angular-tour-of-heroes/tsconfig.app.json
Info 307  [16:46:53.130] Finishing updateGraphWorker: Project: /home/hadad/paginas/angular-tour-of-heroes/tsconfig.app.json Version: 81 structureChanged: false Elapsed: 48ms
Info 308  [16:46:53.130] Different program with same set of files:: oldProgram.structureIsReused:: 2
Info 309  [16:46:53.498] Starting updateGraphWorker: Project: /home/hadad/paginas/angular-tour-of-heroes/tsconfig.app.json
Info 310  [16:46:53.532] Finishing updateGraphWorker: Project: /home/hadad/paginas/angular-tour-of-heroes/tsconfig.app.json Version: 82 structureChanged: false Elapsed: 34ms
Info 311  [16:46:53.532] Different program with same set of files:: oldProgram.structureIsReused:: 2
Info 312  [16:46:54.26] Starting updateGraphWorker: Project: /home/hadad/paginas/angular-tour-of-heroes/tsconfig.app.json
Info 313  [16:46:54.55] Finishing updateGraphWorker: Project: /home/hadad/paginas/angular-tour-of-heroes/tsconfig.app.json Version: 83 structureChanged: false Elapsed: 28ms
Info 314  [16:46:54.55] Different program with same set of files:: oldProgram.structureIsReused:: 2
Info 315  [16:46:54.430] Starting updateGraphWorker: Project: /home/hadad/paginas/angular-tour-of-heroes/tsconfig.app.json
Info 316  [16:46:54.458] Finishing updateGraphWorker: Project: /home/hadad/paginas/angular-tour-of-heroes/tsconfig.app.json Version: 84 structureChanged: false Elapsed: 28ms
Info 317  [16:46:54.458] Different program with same set of files:: oldProgram.structureIsReused:: 2
Info 318  [16:46:54.702] Starting updateGraphWorker: Project: /home/hadad/paginas/angular-tour-of-heroes/tsconfig.app.json
Info 319  [16:46:54.735] Finishing updateGraphWorker: Project: /home/hadad/paginas/angular-tour-of-heroes/tsconfig.app.json Version: 85 structureChanged: false Elapsed: 32ms
Info 320  [16:46:54.735] Different program with same set of files:: oldProgram.structureIsReused:: 2
Info 321  [16:46:55.93] Starting updateGraphWorker: Project: /home/hadad/paginas/angular-tour-of-heroes/tsconfig.app.json
Info 322  [16:46:55.136] Finishing updateGraphWorker: Project: /home/hadad/paginas/angular-tour-of-heroes/tsconfig.app.json Version: 86 structureChanged: false Elapsed: 43ms
Info 323  [16:46:55.136] Different program with same set of files:: oldProgram.structureIsReused:: 2
Info 324  [16:46:55.592] Starting updateGraphWorker: Project: /home/hadad/paginas/angular-tour-of-heroes/tsconfig.app.json
Info 325  [16:46:55.633] Finishing updateGraphWorker: Project: /home/hadad/paginas/angular-tour-of-heroes/tsconfig.app.json Version: 87 structureChanged: false Elapsed: 40ms
Info 326  [16:46:55.633] Different program with same set of files:: oldProgram.structureIsReused:: 2
Info 327  [16:46:56.760] Starting updateGraphWorker: Project: /home/hadad/paginas/angular-tour-of-heroes/tsconfig.app.json
Info 328  [16:46:56.802] Finishing updateGraphWorker: Project: /home/hadad/paginas/angular-tour-of-heroes/tsconfig.app.json Version: 88 structureChanged: false Elapsed: 42ms
Info 329  [16:46:56.802] Different program with same set of files:: oldProgram.structureIsReused:: 2
Info 330  [16:46:57.495] Starting updateGraphWorker: Project: /home/hadad/paginas/angular-tour-of-heroes/tsconfig.app.json
Info 331  [16:46:57.525] Finishing updateGraphWorker: Project: /home/hadad/paginas/angular-tour-of-heroes/tsconfig.app.json Version: 89 structureChanged: false Elapsed: 30ms
Info 332  [16:46:57.525] Different program with same set of files:: oldProgram.structureIsReused:: 2
Info 333  [16:46:58.139] Starting updateGraphWorker: Project: /home/hadad/paginas/angular-tour-of-heroes/tsconfig.app.json
Info 334  [16:46:58.172] Finishing updateGraphWorker: Project: /home/hadad/paginas/angular-tour-of-heroes/tsconfig.app.json Version: 90 structureChanged: false Elapsed: 33ms
Info 335  [16:46:58.172] Different program with same set of files:: oldProgram.structureIsReused:: 2
Info 336  [16:46:58.449] Starting updateGraphWorker: Project: /home/hadad/paginas/angular-tour-of-heroes/tsconfig.app.json
Info 337  [16:46:58.478] Finishing updateGraphWorker: Project: /home/hadad/paginas/angular-tour-of-heroes/tsconfig.app.json Version: 91 structureChanged: false Elapsed: 29ms
Info 338  [16:46:58.478] Different program with same set of files:: oldProgram.structureIsReused:: 2
Info 339  [16:47:0.12] Starting updateGraphWorker: Project: /home/hadad/paginas/angular-tour-of-heroes/tsconfig.app.json
Info 340  [16:47:0.130] Finishing updateGraphWorker: Project: /home/hadad/paginas/angular-tour-of-heroes/tsconfig.app.json Version: 92 structureChanged: true Elapsed: 118ms
Info 341  [16:47:0.130] Different program with same set of files:: oldProgram.structureIsReused:: 1
Info 342  [16:47:1.37] Starting updateGraphWorker: Project: /home/hadad/paginas/angular-tour-of-heroes/tsconfig.app.json
Info 343  [16:47:1.115] Finishing updateGraphWorker: Project: /home/hadad/paginas/angular-tour-of-heroes/tsconfig.app.json Version: 93 structureChanged: true Elapsed: 78ms
Info 344  [16:47:1.115] Different program with same set of files:: oldProgram.structureIsReused:: 1
Info 345  [16:47:2.830] Starting updateGraphWorker: Project: /home/hadad/paginas/angular-tour-of-heroes/tsconfig.app.json
Info 346  [16:47:2.905] Finishing updateGraphWorker: Project: /home/hadad/paginas/angular-tour-of-heroes/tsconfig.app.json Version: 94 structureChanged: true Elapsed: 75ms
Info 347  [16:47:2.905] Different program with same set of files:: oldProgram.structureIsReused:: 1
Info 348  [16:47:4.931] Starting updateGraphWorker: Project: /home/hadad/paginas/angular-tour-of-heroes/tsconfig.app.json
Info 349  [16:47:5.0] Finishing updateGraphWorker: Project: /home/hadad/paginas/angular-tour-of-heroes/tsconfig.app.json Version: 95 structureChanged: true Elapsed: 69ms
Info 350  [16:47:5.1] Different program with same set of files:: oldProgram.structureIsReused:: 1
Info 351  [16:47:5.554] Starting updateGraphWorker: Project: /home/hadad/paginas/angular-tour-of-heroes/tsconfig.app.json
Info 352  [16:47:5.649] Finishing updateGraphWorker: Project: /home/hadad/paginas/angular-tour-of-heroes/tsconfig.app.json Version: 96 structureChanged: true Elapsed: 94ms
Info 353  [16:47:5.649] Different program with same set of files:: oldProgram.structureIsReused:: 1
Info 354  [16:47:5.868] Starting updateGraphWorker: Project: /home/hadad/paginas/angular-tour-of-heroes/tsconfig.app.json
Info 355  [16:47:6.0] Finishing updateGraphWorker: Project: /home/hadad/paginas/angular-tour-of-heroes/tsconfig.app.json Version: 97 structureChanged: true Elapsed: 132ms
Info 356  [16:47:6.0] Different program with same set of files:: oldProgram.structureIsReused:: 1
Info 357  [16:47:6.211] Starting updateGraphWorker: Project: /home/hadad/paginas/angular-tour-of-heroes/tsconfig.app.json
Info 358  [16:47:6.279] Finishing updateGraphWorker: Project: /home/hadad/paginas/angular-tour-of-heroes/tsconfig.app.json Version: 98 structureChanged: true Elapsed: 68ms
Info 359  [16:47:6.279] Different program with same set of files:: oldProgram.structureIsReused:: 1
Info 360  [16:47:6.627] Starting updateGraphWorker: Project: /home/hadad/paginas/angular-tour-of-heroes/tsconfig.app.json
Info 361  [16:47:6.685] Finishing updateGraphWorker: Project: /home/hadad/paginas/angular-tour-of-heroes/tsconfig.app.json Version: 99 structureChanged: true Elapsed: 58ms
Info 362  [16:47:6.685] Different program with same set of files:: oldProgram.structureIsReused:: 1
Info 363  [16:47:10.408] Starting updateGraphWorker: Project: /home/hadad/paginas/angular-tour-of-heroes/tsconfig.app.json
Info 364  [16:47:10.469] Finishing updateGraphWorker: Project: /home/hadad/paginas/angular-tour-of-heroes/tsconfig.app.json Version: 100 structureChanged: true Elapsed: 61ms
Info 365  [16:47:10.469] Different program with same set of files:: oldProgram.structureIsReused:: 1
Info 366  [16:47:30.834] Starting updateGraphWorker: Project: /home/hadad/paginas/angular-tour-of-heroes/tsconfig.app.json
Info 367  [16:47:30.865] Finishing updateGraphWorker: Project: /home/hadad/paginas/angular-tour-of-heroes/tsconfig.app.json Version: 101 structureChanged: false Elapsed: 31ms
Info 368  [16:47:30.865] Different program with same set of files:: oldProgram.structureIsReused:: 2
Info 369  [16:47:31.293] Starting updateGraphWorker: Project: /home/hadad/paginas/angular-tour-of-heroes/tsconfig.app.json
Info 370  [16:47:31.356] Finishing updateGraphWorker: Project: /home/hadad/paginas/angular-tour-of-heroes/tsconfig.app.json Version: 102 structureChanged: false Elapsed: 63ms
Info 371  [16:47:31.356] Different program with same set of files:: oldProgram.structureIsReused:: 2
Info 372  [16:47:31.813] Starting updateGraphWorker: Project: /home/hadad/paginas/angular-tour-of-heroes/tsconfig.app.json
Info 373  [16:47:31.845] Finishing updateGraphWorker: Project: /home/hadad/paginas/angular-tour-of-heroes/tsconfig.app.json Version: 103 structureChanged: false Elapsed: 32ms
Info 374  [16:47:31.845] Different program with same set of files:: oldProgram.structureIsReused:: 2
Info 375  [16:47:32.144] Starting updateGraphWorker: Project: /home/hadad/paginas/angular-tour-of-heroes/tsconfig.app.json
Info 376  [16:47:32.185] Finishing updateGraphWorker: Project: /home/hadad/paginas/angular-tour-of-heroes/tsconfig.app.json Version: 104 structureChanged: false Elapsed: 41ms
Info 377  [16:47:32.185] Different program with same set of files:: oldProgram.structureIsReused:: 2
Info 378  [16:47:32.936] Starting updateGraphWorker: Project: /home/hadad/paginas/angular-tour-of-heroes/tsconfig.app.json
Info 379  [16:47:32.967] Finishing updateGraphWorker: Project: /home/hadad/paginas/angular-tour-of-heroes/tsconfig.app.json Version: 105 structureChanged: false Elapsed: 31ms
Info 380  [16:47:32.967] Different program with same set of files:: oldProgram.structureIsReused:: 2
Info 381  [16:47:33.316] Starting updateGraphWorker: Project: /home/hadad/paginas/angular-tour-of-heroes/tsconfig.app.json
Info 382  [16:47:33.349] Finishing updateGraphWorker: Project: /home/hadad/paginas/angular-tour-of-heroes/tsconfig.app.json Version: 106 structureChanged: false Elapsed: 33ms
Info 383  [16:47:33.349] Different program with same set of files:: oldProgram.structureIsReused:: 2
Info 384  [16:47:34.18] Starting updateGraphWorker: Project: /home/hadad/paginas/angular-tour-of-heroes/tsconfig.app.json
Info 385  [16:47:34.48] Finishing updateGraphWorker: Project: /home/hadad/paginas/angular-tour-of-heroes/tsconfig.app.json Version: 107 structureChanged: false Elapsed: 30ms
Info 386  [16:47:34.49] Different program with same set of files:: oldProgram.structureIsReused:: 2
Info 387  [16:47:34.388] Starting updateGraphWorker: Project: /home/hadad/paginas/angular-tour-of-heroes/tsconfig.app.json
Info 388  [16:47:34.417] Finishing updateGraphWorker: Project: /home/hadad/paginas/angular-tour-of-heroes/tsconfig.app.json Version: 108 structureChanged: false Elapsed: 28ms
Info 389  [16:47:34.417] Different program with same set of files:: oldProgram.structureIsReused:: 2
Info 390  [16:47:34.732] Starting updateGraphWorker: Project: /home/hadad/paginas/angular-tour-of-heroes/tsconfig.app.json
Info 391  [16:47:34.761] Finishing updateGraphWorker: Project: /home/hadad/paginas/angular-tour-of-heroes/tsconfig.app.json Version: 109 structureChanged: false Elapsed: 29ms
Info 392  [16:47:34.761] Different program with same set of files:: oldProgram.structureIsReused:: 2
Info 393  [16:47:40.703] Starting updateGraphWorker: Project: /home/hadad/paginas/angular-tour-of-heroes/tsconfig.app.json
Info 394  [16:47:40.740] Finishing updateGraphWorker: Project: /home/hadad/paginas/angular-tour-of-heroes/tsconfig.app.json Version: 110 structureChanged: false Elapsed: 37ms
Info 395  [16:47:40.740] Different program with same set of files:: oldProgram.structureIsReused:: 2
Info 396  [16:47:41.313] Starting updateGraphWorker: Project: /home/hadad/paginas/angular-tour-of-heroes/tsconfig.app.json
Info 397  [16:47:41.352] Finishing updateGraphWorker: Project: /home/hadad/paginas/angular-tour-of-heroes/tsconfig.app.json Version: 111 structureChanged: false Elapsed: 39ms
Info 398  [16:47:41.353] Different program with same set of files:: oldProgram.structureIsReused:: 2
Info 399  [16:47:41.781] Starting updateGraphWorker: Project: /home/hadad/paginas/angular-tour-of-heroes/tsconfig.app.json
Info 400  [16:47:41.831] Finishing updateGraphWorker: Project: /home/hadad/paginas/angular-tour-of-heroes/tsconfig.app.json Version: 112 structureChanged: false Elapsed: 50ms
Info 401  [16:47:41.831] Different program with same set of files:: oldProgram.structureIsReused:: 2
Info 402  [16:47:42.80] Starting updateGraphWorker: Project: /home/hadad/paginas/angular-tour-of-heroes/tsconfig.app.json
Info 403  [16:47:42.110] Finishing updateGraphWorker: Project: /home/hadad/paginas/angular-tour-of-heroes/tsconfig.app.json Version: 113 structureChanged: false Elapsed: 29ms
Info 404  [16:47:42.110] Different program with same set of files:: oldProgram.structureIsReused:: 2
Info 405  [16:47:42.419] Starting updateGraphWorker: Project: /home/hadad/paginas/angular-tour-of-heroes/tsconfig.app.json
Info 406  [16:47:42.457] Finishing updateGraphWorker: Project: /home/hadad/paginas/angular-tour-of-heroes/tsconfig.app.json Version: 114 structureChanged: false Elapsed: 38ms
Info 407  [16:47:42.457] Different program with same set of files:: oldProgram.structureIsReused:: 2
Info 408  [16:47:43.134] Starting updateGraphWorker: Project: /home/hadad/paginas/angular-tour-of-heroes/tsconfig.app.json
Info 409  [16:47:43.170] Finishing updateGraphWorker: Project: /home/hadad/paginas/angular-tour-of-heroes/tsconfig.app.json Version: 115 structureChanged: false Elapsed: 35ms
Info 410  [16:47:43.170] Different program with same set of files:: oldProgram.structureIsReused:: 2
Info 411  [16:47:44.357] Starting updateGraphWorker: Project: /home/hadad/paginas/angular-tour-of-heroes/tsconfig.app.json
Info 412  [16:47:44.392] Finishing updateGraphWorker: Project: /home/hadad/paginas/angular-tour-of-heroes/tsconfig.app.json Version: 116 structureChanged: false Elapsed: 35ms
Info 413  [16:47:44.392] Different program with same set of files:: oldProgram.structureIsReused:: 2
Info 414  [16:47:44.890] Starting updateGraphWorker: Project: /home/hadad/paginas/angular-tour-of-heroes/tsconfig.app.json
Info 415  [16:47:44.921] Finishing updateGraphWorker: Project: /home/hadad/paginas/angular-tour-of-heroes/tsconfig.app.json Version: 117 structureChanged: false Elapsed: 31ms
Info 416  [16:47:44.921] Different program with same set of files:: oldProgram.structureIsReused:: 2
Info 417  [16:47:45.282] Starting updateGraphWorker: Project: /home/hadad/paginas/angular-tour-of-heroes/tsconfig.app.json
Info 418  [16:47:45.322] Finishing updateGraphWorker: Project: /home/hadad/paginas/angular-tour-of-heroes/tsconfig.app.json Version: 118 structureChanged: false Elapsed: 40ms
Info 419  [16:47:45.323] Different program with same set of files:: oldProgram.structureIsReused:: 2
Info 420  [16:47:45.583] Starting updateGraphWorker: Project: /home/hadad/paginas/angular-tour-of-heroes/tsconfig.app.json
Info 421  [16:47:45.619] Finishing updateGraphWorker: Project: /home/hadad/paginas/angular-tour-of-heroes/tsconfig.app.json Version: 119 structureChanged: false Elapsed: 36ms
Info 422  [16:47:45.619] Different program with same set of files:: oldProgram.structureIsReused:: 2
Info 423  [16:47:46.82] Starting updateGraphWorker: Project: /home/hadad/paginas/angular-tour-of-heroes/tsconfig.app.json
Info 424  [16:47:46.132] Finishing updateGraphWorker: Project: /home/hadad/paginas/angular-tour-of-heroes/tsconfig.app.json Version: 120 structureChanged: false Elapsed: 50ms
Info 425  [16:47:46.132] Different program with same set of files:: oldProgram.structureIsReused:: 2
Info 426  [16:47:46.171] Starting updateGraphWorker: Project: /home/hadad/paginas/angular-tour-of-heroes/tsconfig.app.json
Info 427  [16:47:46.208] Finishing updateGraphWorker: Project: /home/hadad/paginas/angular-tour-of-heroes/tsconfig.app.json Version: 121 structureChanged: false Elapsed: 36ms
Info 428  [16:47:46.208] Different program with same set of files:: oldProgram.structureIsReused:: 2
Info 429  [16:47:46.527] Starting updateGraphWorker: Project: /home/hadad/paginas/angular-tour-of-heroes/tsconfig.app.json
Info 430  [16:47:46.563] Finishing updateGraphWorker: Project: /home/hadad/paginas/angular-tour-of-heroes/tsconfig.app.json Version: 122 structureChanged: false Elapsed: 36ms
Info 431  [16:47:46.563] Different program with same set of files:: oldProgram.structureIsReused:: 2
Info 432  [16:47:46.979] Starting updateGraphWorker: Project: /home/hadad/paginas/angular-tour-of-heroes/tsconfig.app.json
Info 433  [16:47:47.15] Finishing updateGraphWorker: Project: /home/hadad/paginas/angular-tour-of-heroes/tsconfig.app.json Version: 123 structureChanged: false Elapsed: 36ms
Info 434  [16:47:47.15] Different program with same set of files:: oldProgram.structureIsReused:: 2
Info 435  [16:47:47.359] Starting updateGraphWorker: Project: /home/hadad/paginas/angular-tour-of-heroes/tsconfig.app.json
Info 436  [16:47:47.406] Finishing updateGraphWorker: Project: /home/hadad/paginas/angular-tour-of-heroes/tsconfig.app.json Version: 124 structureChanged: false Elapsed: 47ms
Info 437  [16:47:47.406] Different program with same set of files:: oldProgram.structureIsReused:: 2
Info 438  [16:47:47.649] Starting updateGraphWorker: Project: /home/hadad/paginas/angular-tour-of-heroes/tsconfig.app.json
Info 439  [16:47:47.695] Finishing updateGraphWorker: Project: /home/hadad/paginas/angular-tour-of-heroes/tsconfig.app.json Version: 125 structureChanged: false Elapsed: 46ms
Info 440  [16:47:47.695] Different program with same set of files:: oldProgram.structureIsReused:: 2
Info 441  [16:47:51.287] Starting updateGraphWorker: Project: /home/hadad/paginas/angular-tour-of-heroes/tsconfig.app.json
Info 442  [16:47:51.323] Finishing updateGraphWorker: Project: /home/hadad/paginas/angular-tour-of-heroes/tsconfig.app.json Version: 126 structureChanged: false Elapsed: 36ms
Info 443  [16:47:51.323] Different program with same set of files:: oldProgram.structureIsReused:: 2
Info 444  [16:47:51.569] Starting updateGraphWorker: Project: /home/hadad/paginas/angular-tour-of-heroes/tsconfig.app.json
Info 445  [16:47:51.607] Finishing updateGraphWorker: Project: /home/hadad/paginas/angular-tour-of-heroes/tsconfig.app.json Version: 127 structureChanged: false Elapsed: 38ms
Info 446  [16:47:51.607] Different program with same set of files:: oldProgram.structureIsReused:: 2
Info 447  [16:47:52.42] Starting updateGraphWorker: Project: /home/hadad/paginas/angular-tour-of-heroes/tsconfig.app.json
Info 448  [16:47:52.75] Finishing updateGraphWorker: Project: /home/hadad/paginas/angular-tour-of-heroes/tsconfig.app.json Version: 128 structureChanged: false Elapsed: 33ms
Info 449  [16:47:52.75] Different program with same set of files:: oldProgram.structureIsReused:: 2
Info 450  [16:47:52.551] Starting updateGraphWorker: Project: /home/hadad/paginas/angular-tour-of-heroes/tsconfig.app.json
Info 451  [16:47:52.592] Finishing updateGraphWorker: Project: /home/hadad/paginas/angular-tour-of-heroes/tsconfig.app.json Version: 129 structureChanged: false Elapsed: 40ms
Info 452  [16:47:52.592] Different program with same set of files:: oldProgram.structureIsReused:: 2
Info 453  [16:47:53.513] Starting updateGraphWorker: Project: /home/hadad/paginas/angular-tour-of-heroes/tsconfig.app.json
Info 454  [16:47:53.546] Finishing updateGraphWorker: Project: /home/hadad/paginas/angular-tour-of-heroes/tsconfig.app.json Version: 130 structureChanged: false Elapsed: 33ms
Info 455  [16:47:53.547] Different program with same set of files:: oldProgram.structureIsReused:: 2
Info 456  [16:47:54.545] Starting updateGraphWorker: Project: /home/hadad/paginas/angular-tour-of-heroes/tsconfig.app.json
Info 457  [16:47:54.581] Finishing updateGraphWorker: Project: /home/hadad/paginas/angular-tour-of-heroes/tsconfig.app.json Version: 131 structureChanged: false Elapsed: 36ms
Info 458  [16:47:54.581] Different program with same set of files:: oldProgram.structureIsReused:: 2
Info 459  [16:47:55.358] Starting updateGraphWorker: Project: /home/hadad/paginas/angular-tour-of-heroes/tsconfig.app.json
Info 460  [16:47:55.391] Finishing updateGraphWorker: Project: /home/hadad/paginas/angular-tour-of-heroes/tsconfig.app.json Version: 132 structureChanged: false Elapsed: 33ms
Info 461  [16:47:55.391] Different program with same set of files:: oldProgram.structureIsReused:: 2
Info 462  [16:47:55.528] Starting updateGraphWorker: Project: /home/hadad/paginas/angular-tour-of-heroes/tsconfig.app.json
Info 463  [16:47:55.559] Finishing updateGraphWorker: Project: /home/hadad/paginas/angular-tour-of-heroes/tsconfig.app.json Version: 133 structureChanged: false Elapsed: 31ms
Info 464  [16:47:55.559] Different program with same set of files:: oldProgram.structureIsReused:: 2
Info 465  [16:47:56.108] Starting updateGraphWorker: Project: /home/hadad/paginas/angular-tour-of-heroes/tsconfig.app.json
Info 466  [16:47:56.132] Finishing updateGraphWorker: Project: /home/hadad/paginas/angular-tour-of-heroes/tsconfig.app.json Version: 134 structureChanged: false Elapsed: 24ms
Info 467  [16:47:56.132] Different program with same set of files:: oldProgram.structureIsReused:: 2
Info 468  [16:47:56.386] Starting updateGraphWorker: Project: /home/hadad/paginas/angular-tour-of-heroes/tsconfig.app.json
Info 469  [16:47:56.419] Finishing updateGraphWorker: Project: /home/hadad/paginas/angular-tour-of-heroes/tsconfig.app.json Version: 135 structureChanged: false Elapsed: 32ms
Info 470  [16:47:56.420] Different program with same set of files:: oldProgram.structureIsReused:: 2
Info 471  [16:47:59.629] Starting updateGraphWorker: Project: /home/hadad/paginas/angular-tour-of-heroes/tsconfig.app.json
Info 472  [16:47:59.661] Finishing updateGraphWorker: Project: /home/hadad/paginas/angular-tour-of-heroes/tsconfig.app.json Version: 136 structureChanged: false Elapsed: 32ms
Info 473  [16:47:59.661] Different program with same set of files:: oldProgram.structureIsReused:: 2
Info 474  [16:48:2.310] Starting updateGraphWorker: Project: /home/hadad/paginas/angular-tour-of-heroes/tsconfig.app.json
Info 475  [16:48:2.348] Finishing updateGraphWorker: Project: /home/hadad/paginas/angular-tour-of-heroes/tsconfig.app.json Version: 137 structureChanged: false Elapsed: 38ms
Info 476  [16:48:2.348] Different program with same set of files:: oldProgram.structureIsReused:: 2
Info 477  [16:48:3.109] Starting updateGraphWorker: Project: /home/hadad/paginas/angular-tour-of-heroes/tsconfig.app.json
Info 478  [16:48:3.142] Finishing updateGraphWorker: Project: /home/hadad/paginas/angular-tour-of-heroes/tsconfig.app.json Version: 138 structureChanged: false Elapsed: 33ms
Info 479  [16:48:3.143] Different program with same set of files:: oldProgram.structureIsReused:: 2
Info 480  [16:48:4.918] Starting updateGraphWorker: Project: /home/hadad/paginas/angular-tour-of-heroes/tsconfig.app.json
Info 481  [16:48:4.950] Finishing updateGraphWorker: Project: /home/hadad/paginas/angular-tour-of-heroes/tsconfig.app.json Version: 139 structureChanged: false Elapsed: 32ms
Info 482  [16:48:4.950] Different program with same set of files:: oldProgram.structureIsReused:: 2
Info 483  [16:48:5.721] Starting updateGraphWorker: Project: /home/hadad/paginas/angular-tour-of-heroes/tsconfig.app.json
Info 484  [16:48:5.755] Finishing updateGraphWorker: Project: /home/hadad/paginas/angular-tour-of-heroes/tsconfig.app.json Version: 140 structureChanged: false Elapsed: 34ms
Info 485  [16:48:5.755] Different program with same set of files:: oldProgram.structureIsReused:: 2
Info 486  [16:48:5.986] Starting updateGraphWorker: Project: /home/hadad/paginas/angular-tour-of-heroes/tsconfig.app.json
Info 487  [16:48:6.48] Finishing updateGraphWorker: Project: /home/hadad/paginas/angular-tour-of-heroes/tsconfig.app.json Version: 141 structureChanged: false Elapsed: 62ms
Info 488  [16:48:6.48] Different program with same set of files:: oldProgram.structureIsReused:: 2
Info 489  [16:48:8.163] Starting updateGraphWorker: Project: /home/hadad/paginas/angular-tour-of-heroes/tsconfig.app.json
Info 490  [16:48:8.186] Finishing updateGraphWorker: Project: /home/hadad/paginas/angular-tour-of-heroes/tsconfig.app.json Version: 142 structureChanged: false Elapsed: 23ms
Info 491  [16:48:8.187] Different program with same set of files:: oldProgram.structureIsReused:: 2
Info 492  [16:48:8.326] Starting updateGraphWorker: Project: /home/hadad/paginas/angular-tour-of-heroes/tsconfig.app.json
Info 493  [16:48:8.360] Finishing updateGraphWorker: Project: /home/hadad/paginas/angular-tour-of-heroes/tsconfig.app.json Version: 143 structureChanged: false Elapsed: 34ms
Info 494  [16:48:8.361] Different program with same set of files:: oldProgram.structureIsReused:: 2
Info 495  [16:48:8.811] Starting updateGraphWorker: Project: /home/hadad/paginas/angular-tour-of-heroes/tsconfig.app.json
Info 496  [16:48:8.842] Finishing updateGraphWorker: Project: /home/hadad/paginas/angular-tour-of-heroes/tsconfig.app.json Version: 144 structureChanged: false Elapsed: 31ms
Info 497  [16:48:8.842] Different program with same set of files:: oldProgram.structureIsReused:: 2
Info 498  [16:48:9.776] Starting updateGraphWorker: Project: /home/hadad/paginas/angular-tour-of-heroes/tsconfig.app.json
Info 499  [16:48:9.812] Finishing updateGraphWorker: Project: /home/hadad/paginas/angular-tour-of-heroes/tsconfig.app.json Version: 145 structureChanged: false Elapsed: 36ms
Info 500  [16:48:9.812] Different program with same set of files:: oldProgram.structureIsReused:: 2
Info 501  [16:48:10.481] Starting updateGraphWorker: Project: /home/hadad/paginas/angular-tour-of-heroes/tsconfig.app.json
Info 502  [16:48:10.513] Finishing updateGraphWorker: Project: /home/hadad/paginas/angular-tour-of-heroes/tsconfig.app.json Version: 146 structureChanged: false Elapsed: 32ms
Info 503  [16:48:10.513] Different program with same set of files:: oldProgram.structureIsReused:: 2
Info 504  [16:48:10.959] Starting updateGraphWorker: Project: /home/hadad/paginas/angular-tour-of-heroes/tsconfig.app.json
Info 505  [16:48:10.994] Finishing updateGraphWorker: Project: /home/hadad/paginas/angular-tour-of-heroes/tsconfig.app.json Version: 147 structureChanged: false Elapsed: 35ms
Info 506  [16:48:10.994] Different program with same set of files:: oldProgram.structureIsReused:: 2
Info 507  [16:48:13.274] Starting updateGraphWorker: Project: /home/hadad/paginas/angular-tour-of-heroes/tsconfig.app.json
Info 508  [16:48:13.309] Finishing updateGraphWorker: Project: /home/hadad/paginas/angular-tour-of-heroes/tsconfig.app.json Version: 148 structureChanged: false Elapsed: 35ms
Info 509  [16:48:13.310] Different program with same set of files:: oldProgram.structureIsReused:: 2
Info 510  [16:48:17.191] Starting updateGraphWorker: Project: /home/hadad/paginas/angular-tour-of-heroes/tsconfig.app.json
Info 511  [16:48:17.378] Finishing updateGraphWorker: Project: /home/hadad/paginas/angular-tour-of-heroes/tsconfig.app.json Version: 149 structureChanged: true Elapsed: 187ms
Info 512  [16:48:17.378] Project '/home/hadad/paginas/angular-tour-of-heroes/tsconfig.app.json' (Configured)
Info 513  [16:48:17.378] 	Files (210)

Info 514  [16:48:17.378] -----------------------------------------------
Info 515  [16:48:17.378] Project '/dev/null/autoImportProviderProject1*' (AutoImportProvider)
Info 516  [16:48:17.378] 	Files (70)

Info 517  [16:48:17.378] -----------------------------------------------
Info 518  [16:48:23.462] Starting updateGraphWorker: Project: /home/hadad/paginas/angular-tour-of-heroes/tsconfig.app.json
Info 519  [16:48:23.506] Finishing updateGraphWorker: Project: /home/hadad/paginas/angular-tour-of-heroes/tsconfig.app.json Version: 150 structureChanged: false Elapsed: 44ms
Info 520  [16:48:23.506] Different program with same set of files:: oldProgram.structureIsReused:: 2
Info 521  [16:48:31.475] Starting updateGraphWorker: Project: /home/hadad/paginas/angular-tour-of-heroes/tsconfig.app.json
Info 522  [16:48:31.598] Finishing updateGraphWorker: Project: /home/hadad/paginas/angular-tour-of-heroes/tsconfig.app.json Version: 151 structureChanged: true Elapsed: 122ms
Info 523  [16:48:31.598] Project '/home/hadad/paginas/angular-tour-of-heroes/tsconfig.app.json' (Configured)
Info 524  [16:48:31.598] 	Files (209)

Info 525  [16:48:31.598] -----------------------------------------------
Info 526  [16:48:31.598] Project '/dev/null/autoImportProviderProject1*' (AutoImportProvider)
Info 527  [16:48:31.598] 	Files (70)

Info 528  [16:48:31.598] -----------------------------------------------
Info 529  [16:48:35.306] Starting updateGraphWorker: Project: /home/hadad/paginas/angular-tour-of-heroes/tsconfig.app.json
Info 530  [16:48:35.348] Finishing updateGraphWorker: Project: /home/hadad/paginas/angular-tour-of-heroes/tsconfig.app.json Version: 152 structureChanged: false Elapsed: 42ms
Info 531  [16:48:35.348] Different program with same set of files:: oldProgram.structureIsReused:: 2
Info 532  [16:48:36.132] Starting updateGraphWorker: Project: /home/hadad/paginas/angular-tour-of-heroes/tsconfig.app.json
Info 533  [16:48:36.172] Finishing updateGraphWorker: Project: /home/hadad/paginas/angular-tour-of-heroes/tsconfig.app.json Version: 153 structureChanged: false Elapsed: 40ms
Info 534  [16:48:36.172] Different program with same set of files:: oldProgram.structureIsReused:: 2
Info 535  [16:48:36.433] Starting updateGraphWorker: Project: /home/hadad/paginas/angular-tour-of-heroes/tsconfig.app.json
Info 536  [16:48:36.464] Finishing updateGraphWorker: Project: /home/hadad/paginas/angular-tour-of-heroes/tsconfig.app.json Version: 154 structureChanged: false Elapsed: 30ms
Info 537  [16:48:36.464] Different program with same set of files:: oldProgram.structureIsReused:: 2
Info 538  [16:48:37.88] Starting updateGraphWorker: Project: /home/hadad/paginas/angular-tour-of-heroes/tsconfig.app.json
Info 539  [16:48:37.123] Finishing updateGraphWorker: Project: /home/hadad/paginas/angular-tour-of-heroes/tsconfig.app.json Version: 155 structureChanged: false Elapsed: 35ms
Info 540  [16:48:37.123] Different program with same set of files:: oldProgram.structureIsReused:: 2
Info 541  [16:48:37.797] Starting updateGraphWorker: Project: /home/hadad/paginas/angular-tour-of-heroes/tsconfig.app.json
Info 542  [16:48:37.839] Finishing updateGraphWorker: Project: /home/hadad/paginas/angular-tour-of-heroes/tsconfig.app.json Version: 156 structureChanged: false Elapsed: 42ms
Info 543  [16:48:37.839] Different program with same set of files:: oldProgram.structureIsReused:: 2
Info 544  [16:48:38.564] Starting updateGraphWorker: Project: /home/hadad/paginas/angular-tour-of-heroes/tsconfig.app.json
Info 545  [16:48:38.604] Finishing updateGraphWorker: Project: /home/hadad/paginas/angular-tour-of-heroes/tsconfig.app.json Version: 157 structureChanged: false Elapsed: 40ms
Info 546  [16:48:38.604] Different program with same set of files:: oldProgram.structureIsReused:: 2
Info 547  [16:48:38.814] Starting updateGraphWorker: Project: /home/hadad/paginas/angular-tour-of-heroes/tsconfig.app.json
Info 548  [16:48:38.854] Finishing updateGraphWorker: Project: /home/hadad/paginas/angular-tour-of-heroes/tsconfig.app.json Version: 158 structureChanged: false Elapsed: 40ms
Info 549  [16:48:38.854] Different program with same set of files:: oldProgram.structureIsReused:: 2
Info 550  [16:48:39.291] Starting updateGraphWorker: Project: /home/hadad/paginas/angular-tour-of-heroes/tsconfig.app.json
Info 551  [16:48:39.332] Finishing updateGraphWorker: Project: /home/hadad/paginas/angular-tour-of-heroes/tsconfig.app.json Version: 159 structureChanged: false Elapsed: 41ms
Info 552  [16:48:39.332] Different program with same set of files:: oldProgram.structureIsReused:: 2
Info 553  [16:48:39.562] Starting updateGraphWorker: Project: /home/hadad/paginas/angular-tour-of-heroes/tsconfig.app.json
Info 554  [16:48:39.600] Finishing updateGraphWorker: Project: /home/hadad/paginas/angular-tour-of-heroes/tsconfig.app.json Version: 160 structureChanged: false Elapsed: 38ms
Info 555  [16:48:39.600] Different program with same set of files:: oldProgram.structureIsReused:: 2
Info 556  [16:48:39.663] Starting updateGraphWorker: Project: /home/hadad/paginas/angular-tour-of-heroes/tsconfig.app.json
Info 557  [16:48:39.710] Finishing updateGraphWorker: Project: /home/hadad/paginas/angular-tour-of-heroes/tsconfig.app.json Version: 161 structureChanged: false Elapsed: 47ms
Info 558  [16:48:39.711] Different program with same set of files:: oldProgram.structureIsReused:: 2
Info 559  [16:48:41.84] Starting updateGraphWorker: Project: /home/hadad/paginas/angular-tour-of-heroes/tsconfig.app.json
Info 560  [16:48:41.129] Finishing updateGraphWorker: Project: /home/hadad/paginas/angular-tour-of-heroes/tsconfig.app.json Version: 162 structureChanged: false Elapsed: 44ms
Info 561  [16:48:41.129] Different program with same set of files:: oldProgram.structureIsReused:: 2
Info 562  [16:48:41.758] Starting updateGraphWorker: Project: /home/hadad/paginas/angular-tour-of-heroes/tsconfig.app.json
Info 563  [16:48:41.795] Finishing updateGraphWorker: Project: /home/hadad/paginas/angular-tour-of-heroes/tsconfig.app.json Version: 163 structureChanged: false Elapsed: 36ms
Info 564  [16:48:41.795] Different program with same set of files:: oldProgram.structureIsReused:: 2
Info 565  [16:48:42.304] Starting updateGraphWorker: Project: /home/hadad/paginas/angular-tour-of-heroes/tsconfig.app.json
Info 566  [16:48:42.338] Finishing updateGraphWorker: Project: /home/hadad/paginas/angular-tour-of-heroes/tsconfig.app.json Version: 164 structureChanged: false Elapsed: 34ms
Info 567  [16:48:42.338] Different program with same set of files:: oldProgram.structureIsReused:: 2
Info 568  [16:48:49.773] Starting updateGraphWorker: Project: /home/hadad/paginas/angular-tour-of-heroes/tsconfig.app.json
Info 569  [16:48:49.934] Finishing updateGraphWorker: Project: /home/hadad/paginas/angular-tour-of-heroes/tsconfig.app.json Version: 165 structureChanged: true Elapsed: 161ms
Info 570  [16:48:49.934] Project '/home/hadad/paginas/angular-tour-of-heroes/tsconfig.app.json' (Configured)
Info 571  [16:48:49.934] 	Files (210)

Info 572  [16:48:49.934] -----------------------------------------------
Info 573  [16:48:49.934] Project '/dev/null/autoImportProviderProject1*' (AutoImportProvider)
Info 574  [16:48:49.935] 	Files (70)

Info 575  [16:48:49.935] -----------------------------------------------
Info 576  [16:48:52.946] Starting updateGraphWorker: Project: /home/hadad/paginas/angular-tour-of-heroes/tsconfig.app.json
Info 577  [16:48:52.999] Finishing updateGraphWorker: Project: /home/hadad/paginas/angular-tour-of-heroes/tsconfig.app.json Version: 166 structureChanged: false Elapsed: 53ms
Info 578  [16:48:52.999] Different program with same set of files:: oldProgram.structureIsReused:: 2
Info 579  [16:48:54.88] Starting updateGraphWorker: Project: /home/hadad/paginas/angular-tour-of-heroes/tsconfig.app.json
Info 580  [16:48:54.168] Finishing updateGraphWorker: Project: /home/hadad/paginas/angular-tour-of-heroes/tsconfig.app.json Version: 167 structureChanged: true Elapsed: 80ms
Info 581  [16:48:54.168] Project '/home/hadad/paginas/angular-tour-of-heroes/tsconfig.app.json' (Configured)
Info 582  [16:48:54.168] 	Files (209)

Info 583  [16:48:54.168] -----------------------------------------------
Info 584  [16:48:54.168] Project '/dev/null/autoImportProviderProject1*' (AutoImportProvider)
Info 585  [16:48:54.168] 	Files (70)

Info 586  [16:48:54.168] -----------------------------------------------
Info 587  [16:48:57.241] Starting updateGraphWorker: Project: /home/hadad/paginas/angular-tour-of-heroes/tsconfig.app.json
Info 588  [16:48:57.350] Finishing updateGraphWorker: Project: /home/hadad/paginas/angular-tour-of-heroes/tsconfig.app.json Version: 168 structureChanged: true Elapsed: 109ms
Info 589  [16:48:57.350] Project '/home/hadad/paginas/angular-tour-of-heroes/tsconfig.app.json' (Configured)
Info 590  [16:48:57.350] 	Files (210)

Info 591  [16:48:57.350] -----------------------------------------------
Info 592  [16:48:57.350] Project '/dev/null/autoImportProviderProject1*' (AutoImportProvider)
Info 593  [16:48:57.350] 	Files (70)

Info 594  [16:48:57.350] -----------------------------------------------
Info 595  [16:48:59.555] Starting updateGraphWorker: Project: /home/hadad/paginas/angular-tour-of-heroes/tsconfig.app.json
Info 596  [16:48:59.629] Finishing updateGraphWorker: Project: /home/hadad/paginas/angular-tour-of-heroes/tsconfig.app.json Version: 169 structureChanged: true Elapsed: 74ms
Info 597  [16:48:59.629] Project '/home/hadad/paginas/angular-tour-of-heroes/tsconfig.app.json' (Configured)
Info 598  [16:48:59.629] 	Files (209)

Info 599  [16:48:59.629] -----------------------------------------------
Info 600  [16:48:59.629] Project '/dev/null/autoImportProviderProject1*' (AutoImportProvider)
Info 601  [16:48:59.629] 	Files (70)

Info 602  [16:48:59.629] -----------------------------------------------
Info 603  [16:49:0.52] Starting updateGraphWorker: Project: /home/hadad/paginas/angular-tour-of-heroes/tsconfig.app.json
Info 604  [16:49:0.138] Finishing updateGraphWorker: Project: /home/hadad/paginas/angular-tour-of-heroes/tsconfig.app.json Version: 170 structureChanged: true Elapsed: 86ms
Info 605  [16:49:0.138] Project '/home/hadad/paginas/angular-tour-of-heroes/tsconfig.app.json' (Configured)
Info 606  [16:49:0.138] 	Files (210)

Info 607  [16:49:0.138] -----------------------------------------------
Info 608  [16:49:0.138] Project '/dev/null/autoImportProviderProject1*' (AutoImportProvider)
Info 609  [16:49:0.138] 	Files (70)

Info 610  [16:49:0.138] -----------------------------------------------
Info 611  [16:56:6.704] Starting updateGraphWorker: Project: /home/hadad/paginas/angular-tour-of-heroes/tsconfig.app.json
Info 612  [16:56:6.811] Finishing updateGraphWorker: Project: /home/hadad/paginas/angular-tour-of-heroes/tsconfig.app.json Version: 171 structureChanged: true Elapsed: 106ms
Info 613  [16:56:6.812] Different program with same set of files:: oldProgram.structureIsReused:: 1
Info 614  [16:56:10.424] Starting updateGraphWorker: Project: /home/hadad/paginas/angular-tour-of-heroes/tsconfig.app.json
Info 615  [16:56:10.470] Finishing updateGraphWorker: Project: /home/hadad/paginas/angular-tour-of-heroes/tsconfig.app.json Version: 172 structureChanged: false Elapsed: 46ms
Info 616  [16:56:10.470] Different program with same set of files:: oldProgram.structureIsReused:: 2
