Looking for git in: git
Using git 2.26.2 from git
> git rev-parse --show-toplevel
> git rev-parse --git-dir
Open repository: /home/hadad/paginas/angular-tour-of-heroes
> git status -z -u
> git symbolic-ref --short HEAD
> git rev-parse master
> git rev-parse --symbolic-full-name master@{u}
fatal: no upstream configured for branch 'master'
> git for-each-ref --format %(refname) %(objectname) --sort -committerdate
> git remote --verbose
> git show :src/app/messages/messages.component.html
> git ls-files --stage -- /home/hadad/paginas/angular-tour-of-heroes/src/app/messages/messages.component.html
> git config --get commit.template
> git check-ignore -v -z --stdin
> git status -z -u
> git symbolic-ref --short HEAD
> git rev-parse master
> git rev-parse --symbolic-full-name master@{u}
fatal: no upstream configured for branch 'master'
> git for-each-ref --format %(refname) %(objectname) --sort -committerdate
> git remote --verbose
> git config --get commit.template
> git check-ignore -v -z --stdin
> git check-ignore -v -z --stdin
> git add -A -- /home/hadad/paginas/angular-tour-of-heroes/src/app/messages/messages.component.html /home/hadad/paginas/angular-tour-of-heroes/src/app/messages/messages.component.css
> git status -z -u
> git symbolic-ref --short HEAD
> git rev-parse master
> git rev-parse --symbolic-full-name master@{u}
fatal: no upstream configured for branch 'master'
> git for-each-ref --format %(refname) %(objectname) --sort -committerdate
> git remote --verbose
> git config --get commit.template
> git status -z -u
> git symbolic-ref --short HEAD
> git rev-parse master
> git rev-parse --symbolic-full-name master@{u}
fatal: no upstream configured for branch 'master'
> git for-each-ref --format %(refname) %(objectname) --sort -committerdate
> git remote --verbose
> git config --get commit.template
> git ls-files --stage -- /home/hadad/paginas/angular-tour-of-heroes/src/app/messages/messages.component.html
> git cat-file -s 090f705fee488e4088b458219e759cd3d86a50be
> git show :src/app/messages/messages.component.html
> git show :src/app/messages/messages.component.html
> git ls-files --stage -- /home/hadad/paginas/angular-tour-of-heroes/src/app/messages/messages.component.html
> git cat-file -s 090f705fee488e4088b458219e759cd3d86a50be
> git commit --quiet --allow-empty-message --file -
> git status -z -u
> git symbolic-ref --short HEAD
> git rev-parse master
> git rev-parse --symbolic-full-name master@{u}
fatal: no upstream configured for branch 'master'
> git for-each-ref --format %(refname) %(objectname) --sort -committerdate
> git remote --verbose
> git config --get commit.template
> git ls-files --stage -- /home/hadad/paginas/angular-tour-of-heroes/src/app/messages/messages.component.html
> git cat-file -s 090f705fee488e4088b458219e759cd3d86a50be
> git show :src/app/messages/messages.component.html
> git status -z -u
> git symbolic-ref --short HEAD
> git rev-parse master
> git rev-parse --symbolic-full-name master@{u}
fatal: no upstream configured for branch 'master'
> git for-each-ref --format %(refname) %(objectname) --sort -committerdate
> git remote --verbose
> git config --get commit.template
> git log --format=%H%n%aN%n%aE%n%at%n%ct%n%P%n%B -z -n21 -- /home/hadad/paginas/angular-tour-of-heroes/src/app/messages/messages.component.html
> git check-ignore -v -z --stdin
> git status -z -u
> git symbolic-ref --short HEAD
> git rev-parse master
> git rev-parse --symbolic-full-name master@{u}
fatal: no upstream configured for branch 'master'
> git for-each-ref --format %(refname) %(objectname) --sort -committerdate
> git remote --verbose
> git config --get commit.template
> git ls-files --stage -- /home/hadad/paginas/angular-tour-of-heroes/src/app/messages/messages.component.html
> git cat-file -s 090f705fee488e4088b458219e759cd3d86a50be
> git show :src/app/messages/messages.component.html
> git status -z -u
> git symbolic-ref --short HEAD
> git rev-parse master
> git rev-parse --symbolic-full-name master@{u}
fatal: no upstream configured for branch 'master'
> git for-each-ref --format %(refname) %(objectname) --sort -committerdate
> git remote --verbose
> git config --get commit.template
> git ls-files --stage -- /home/hadad/paginas/angular-tour-of-heroes/src/app/messages/messages.component.html
> git cat-file -s 090f705fee488e4088b458219e759cd3d86a50be
> git show :src/app/messages/messages.component.html
> git status -z -u
> git symbolic-ref --short HEAD
> git rev-parse master
> git rev-parse --symbolic-full-name master@{u}
fatal: no upstream configured for branch 'master'
> git for-each-ref --format %(refname) %(objectname) --sort -committerdate
> git remote --verbose
> git config --get commit.template
> git status -z -u
> git symbolic-ref --short HEAD
> git rev-parse master
> git rev-parse --symbolic-full-name master@{u}
fatal: no upstream configured for branch 'master'
> git for-each-ref --format %(refname) %(objectname) --sort -committerdate
> git remote --verbose
> git config --get commit.template
> git status -z -u
> git symbolic-ref --short HEAD
> git rev-parse master
> git rev-parse --symbolic-full-name master@{u}
fatal: no upstream configured for branch 'master'
> git for-each-ref --format %(refname) %(objectname) --sort -committerdate
> git remote --verbose
> git config --get commit.template
> git ls-files --stage -- /home/hadad/paginas/angular-tour-of-heroes/src/app/messages/messages.component.html
> git cat-file -s 090f705fee488e4088b458219e759cd3d86a50be
> git show :src/app/messages/messages.component.html
> git rev-list --count 095752687b6d7d0797c7cfc6be7921ee68686c89.. -- /home/hadad/paginas/angular-tour-of-heroes/src/app/messages/messages.component.html
> git log --format=%H%n%aN%n%aE%n%at%n%ct%n%P%n%B -z -n2 -- /home/hadad/paginas/angular-tour-of-heroes/src/app/messages/messages.component.html
> git status -z -u
> git symbolic-ref --short HEAD
> git rev-parse master
> git rev-parse --symbolic-full-name master@{u}
fatal: no upstream configured for branch 'master'
> git for-each-ref --format %(refname) %(objectname) --sort -committerdate
> git remote --verbose
> git config --get commit.template
> git check-ignore -v -z --stdin
> git check-ignore -v -z --stdin
> git show :src/app/app-routing.module.ts
> git ls-files --stage -- /home/hadad/paginas/angular-tour-of-heroes/src/app/app-routing.module.ts
> git cat-file -s 1a9149222c9025681b5971589843c7f7b77838b0
> git status -z -u
> git symbolic-ref --short HEAD
> git rev-parse master
> git rev-parse --symbolic-full-name master@{u}
fatal: no upstream configured for branch 'master'
> git for-each-ref --format %(refname) %(objectname) --sort -committerdate
> git remote --verbose
> git config --get commit.template
> git show :src/app/messages/messages.component.html
> git ls-files --stage -- /home/hadad/paginas/angular-tour-of-heroes/src/app/messages/messages.component.html
> git cat-file -s 090f705fee488e4088b458219e759cd3d86a50be
> git show :src/app/app-routing.module.ts
> git ls-files --stage -- /home/hadad/paginas/angular-tour-of-heroes/src/app/app-routing.module.ts
> git cat-file -s 1a9149222c9025681b5971589843c7f7b77838b0
> git log --format=%H%n%aN%n%aE%n%at%n%ct%n%P%n%B -z -n21 -- /home/hadad/paginas/angular-tour-of-heroes/src/app/app-routing.module.ts
> git check-ignore -v -z --stdin
