Looking for git in: git
Using git 2.26.2 from git
> git rev-parse --show-toplevel
> git rev-parse --git-dir
Open repository: /home/hadad/paginas/angular-tour-of-heroes
> git status -z -u
> git symbolic-ref --short HEAD
> git rev-parse master
> git rev-parse --symbolic-full-name master@{u}
fatal: no upstream configured for branch 'master'
> git for-each-ref --format %(refname) %(objectname) --sort -committerdate
> git remote --verbose
> git config --get commit.template
> git check-ignore -v -z --stdin
> git show :src/app/heroes/heroes.component.spec.ts
> git ls-files --stage -- /home/hadad/paginas/angular-tour-of-heroes/src/app/heroes/heroes.component.spec.ts
> git cat-file -s 66518e44b77fb16004cbb00aeed9c2f60ea00979
> git show :src/app/heroes/heroes.component.html
> git ls-files --stage -- /home/hadad/paginas/angular-tour-of-heroes/src/app/heroes/heroes.component.html
> git cat-file -s a21b2d73a478fd6dbdb2025a5a7416c19370c3eb
> git show :src/app/heroes/heroes.component.css
> git ls-files --stage -- /home/hadad/paginas/angular-tour-of-heroes/src/app/heroes/heroes.component.css
> git cat-file -s 1448adb0ed3b02c619d937f4f2a951b9bb9c512a
> git show :src/app/app.component.html
> git ls-files --stage -- /home/hadad/paginas/angular-tour-of-heroes/src/app/app.component.html
> git cat-file -s 0fc7503ad145238b49c59667bfcedff673d9cd46
> git show :src/app/app.component.spec.ts
> git ls-files --stage -- /home/hadad/paginas/angular-tour-of-heroes/src/app/app.component.spec.ts
> git cat-file -s 0d02c7dfed1df383f0e1ff039dd05dc4f53ada95
> git show :src/app/app.component.ts
> git ls-files --stage -- /home/hadad/paginas/angular-tour-of-heroes/src/app/app.component.ts
> git cat-file -s b1290308eacc4738ef16db688457e40488fb34f9
> git show :src/app/message.service.spec.ts
> git ls-files --stage -- /home/hadad/paginas/angular-tour-of-heroes/src/app/message.service.spec.ts
> git cat-file -s 1db761b5efd95e9333f3da0e4bc5a1af69a64d7a
> git check-ignore -v -z --stdin
> git show :src/app/app.component.ts
> git ls-files --stage -- /home/hadad/paginas/angular-tour-of-heroes/src/app/app.component.ts
> git cat-file -s b1290308eacc4738ef16db688457e40488fb34f9
> git status -z -u
> git symbolic-ref --short HEAD
> git rev-parse master
> git rev-parse --symbolic-full-name master@{u}
fatal: no upstream configured for branch 'master'
> git for-each-ref --format %(refname) %(objectname) --sort -committerdate
> git remote --verbose
> git config --get commit.template
> git log --format=%H%n%aN%n%aE%n%at%n%ct%n%P%n%B -z -n21 -- /home/hadad/paginas/angular-tour-of-heroes/src/app/app.component.ts
> git check-ignore -v -z --stdin
> git check-ignore -v -z --stdin
> git show :src/app/dashboard/dashboard.component.css
> git ls-files --stage -- /home/hadad/paginas/angular-tour-of-heroes/src/app/dashboard/dashboard.component.css
> git show :src/app/dashboard/dashboard.component.html
> git ls-files --stage -- /home/hadad/paginas/angular-tour-of-heroes/src/app/dashboard/dashboard.component.html
> git show :src/app/dashboard/dashboard.component.spec.ts
> git ls-files --stage -- /home/hadad/paginas/angular-tour-of-heroes/src/app/dashboard/dashboard.component.spec.ts
> git show :src/app/dashboard/dashboard.component.ts
> git ls-files --stage -- /home/hadad/paginas/angular-tour-of-heroes/src/app/dashboard/dashboard.component.ts
> git show :src/app/dashboard/dashboard.component.html
> git ls-files --stage -- /home/hadad/paginas/angular-tour-of-heroes/src/app/dashboard/dashboard.component.html
> git show :src/app/dashboard/dashboard.component.css
> git ls-files --stage -- /home/hadad/paginas/angular-tour-of-heroes/src/app/dashboard/dashboard.component.css
> git show :src/app/dashboard/dashboard.component.html
> git ls-files --stage -- /home/hadad/paginas/angular-tour-of-heroes/src/app/dashboard/dashboard.component.html
> git show :src/app/dashboard/dashboard.component.spec.ts
> git ls-files --stage -- /home/hadad/paginas/angular-tour-of-heroes/src/app/dashboard/dashboard.component.spec.ts
> git show :src/app/dashboard/dashboard.component.ts
> git ls-files --stage -- /home/hadad/paginas/angular-tour-of-heroes/src/app/dashboard/dashboard.component.ts
> git show :src/app/dashboard/dashboard.component.html
> git ls-files --stage -- /home/hadad/paginas/angular-tour-of-heroes/src/app/dashboard/dashboard.component.html
> git show :src/app/dashboard/dashboard.component.css
> git ls-files --stage -- /home/hadad/paginas/angular-tour-of-heroes/src/app/dashboard/dashboard.component.css
> git show :src/app/dashboard/dashboard.component.ts
> git ls-files --stage -- /home/hadad/paginas/angular-tour-of-heroes/src/app/dashboard/dashboard.component.ts
> git show :src/app/dashboard/dashboard.component.spec.ts
> git ls-files --stage -- /home/hadad/paginas/angular-tour-of-heroes/src/app/dashboard/dashboard.component.spec.ts
> git show :src/app/dashboard/dashboard.component.html
> git ls-files --stage -- /home/hadad/paginas/angular-tour-of-heroes/src/app/dashboard/dashboard.component.html
> git show :src/app/dashboard/dashboard.component.css
> git ls-files --stage -- /home/hadad/paginas/angular-tour-of-heroes/src/app/dashboard/dashboard.component.css
> git show :src/app/dashboard/dashboard.component.ts
> git ls-files --stage -- /home/hadad/paginas/angular-tour-of-heroes/src/app/dashboard/dashboard.component.ts
> git show :src/app/dashboard/dashboard.component.html
> git ls-files --stage -- /home/hadad/paginas/angular-tour-of-heroes/src/app/dashboard/dashboard.component.html
> git show :src/app/dashboard/dashboard.component.spec.ts
> git ls-files --stage -- /home/hadad/paginas/angular-tour-of-heroes/src/app/dashboard/dashboard.component.spec.ts
> git show :src/app/dashboard/dashboard.component.html
> git ls-files --stage -- /home/hadad/paginas/angular-tour-of-heroes/src/app/dashboard/dashboard.component.html
> git show :src/app/dashboard/dashboard.component.css
> git ls-files --stage -- /home/hadad/paginas/angular-tour-of-heroes/src/app/dashboard/dashboard.component.css
> git show :src/app/dashboard/dashboard.component.html
> git ls-files --stage -- /home/hadad/paginas/angular-tour-of-heroes/src/app/dashboard/dashboard.component.html
> git status -z -u
> git symbolic-ref --short HEAD
> git rev-parse master
> git rev-parse --symbolic-full-name master@{u}
fatal: no upstream configured for branch 'master'
> git for-each-ref --format %(refname) %(objectname) --sort -committerdate
> git remote --verbose
> git config --get commit.template
> git show :src/app/dashboard/dashboard.component.ts
> git ls-files --stage -- /home/hadad/paginas/angular-tour-of-heroes/src/app/dashboard/dashboard.component.ts
> git check-ignore -v -z --stdin
> git show :src/app/dashboard/dashboard.component.ts
> git ls-files --stage -- /home/hadad/paginas/angular-tour-of-heroes/src/app/dashboard/dashboard.component.ts
